<?xml version="1.0" encoding="UTF-8"?>
<testsuite name="com.isntkyu.book.springboot.web.HelloControllerTest" tests="2" skipped="0" failures="0" errors="0" timestamp="2021-11-11T14:08:48" hostname="ijungyuui-MacBookPro.local" time="0.263">
  <properties/>
  <testcase name="hello가_리턴된다" classname="com.isntkyu.book.springboot.web.HelloControllerTest" time="0.205"/>
  <testcase name="helloDto가_리턴된다" classname="com.isntkyu.book.springboot.web.HelloControllerTest" time="0.057"/>
  <system-out><![CDATA[23:08:46.194 [Test worker] DEBUG org.springframework.test.context.junit4.SpringJUnit4ClassRunner - SpringJUnit4ClassRunner constructor called with [class com.isntkyu.book.springboot.web.HelloControllerTest]
23:08:46.200 [Test worker] DEBUG org.springframework.test.context.BootstrapUtils - Instantiating CacheAwareContextLoaderDelegate from class [org.springframework.test.context.cache.DefaultCacheAwareContextLoaderDelegate]
23:08:46.206 [Test worker] DEBUG org.springframework.test.context.BootstrapUtils - Instantiating BootstrapContext using constructor [public org.springframework.test.context.support.DefaultBootstrapContext(java.lang.Class,org.springframework.test.context.CacheAwareContextLoaderDelegate)]
23:08:46.221 [Test worker] DEBUG org.springframework.test.context.BootstrapUtils - Instantiating TestContextBootstrapper for test class [com.isntkyu.book.springboot.web.HelloControllerTest] from class [org.springframework.boot.test.autoconfigure.web.servlet.WebMvcTestContextBootstrapper]
23:08:46.234 [Test worker] INFO org.springframework.boot.test.autoconfigure.web.servlet.WebMvcTestContextBootstrapper - Neither @ContextConfiguration nor @ContextHierarchy found for test class [com.isntkyu.book.springboot.web.HelloControllerTest], using SpringBootContextLoader
23:08:46.236 [Test worker] DEBUG org.springframework.test.context.support.AbstractContextLoader - Did not detect default resource location for test class [com.isntkyu.book.springboot.web.HelloControllerTest]: class path resource [com/isntkyu/book/springboot/web/HelloControllerTest-context.xml] does not exist
23:08:46.236 [Test worker] DEBUG org.springframework.test.context.support.AbstractContextLoader - Did not detect default resource location for test class [com.isntkyu.book.springboot.web.HelloControllerTest]: class path resource [com/isntkyu/book/springboot/web/HelloControllerTestContext.groovy] does not exist
23:08:46.237 [Test worker] INFO org.springframework.test.context.support.AbstractContextLoader - Could not detect default resource locations for test class [com.isntkyu.book.springboot.web.HelloControllerTest]: no resource found for suffixes {-context.xml, Context.groovy}.
23:08:46.237 [Test worker] INFO org.springframework.test.context.support.AnnotationConfigContextLoaderUtils - Could not detect default configuration classes for test class [com.isntkyu.book.springboot.web.HelloControllerTest]: HelloControllerTest does not declare any static, non-private, non-final, nested classes annotated with @Configuration.
23:08:46.282 [Test worker] DEBUG org.springframework.test.context.support.ActiveProfilesUtils - Could not find an 'annotation declaring class' for annotation type [org.springframework.test.context.ActiveProfiles] and class [com.isntkyu.book.springboot.web.HelloControllerTest]
23:08:46.340 [Test worker] DEBUG org.springframework.context.annotation.ClassPathScanningCandidateComponentProvider - Identified candidate component class: file [/Users/leejungyu/IdeaProjects/springboot_webservice/build/classes/java/main/com/isntkyu/book/springboot/Application.class]
23:08:46.341 [Test worker] INFO org.springframework.boot.test.context.SpringBootTestContextBootstrapper - Found @SpringBootConfiguration com.isntkyu.book.springboot.Application for test class com.isntkyu.book.springboot.web.HelloControllerTest
23:08:46.342 [Test worker] DEBUG org.springframework.boot.test.autoconfigure.web.servlet.WebMvcTestContextBootstrapper - @TestExecutionListeners is not present for class [com.isntkyu.book.springboot.web.HelloControllerTest]: using defaults.
23:08:46.343 [Test worker] INFO org.springframework.boot.test.autoconfigure.web.servlet.WebMvcTestContextBootstrapper - Loaded default TestExecutionListener class names from location [META-INF/spring.factories]: [org.springframework.security.test.context.support.WithSecurityContextTestExecutionListener, org.springframework.security.test.context.support.ReactorContextTestExecutionListener, org.springframework.boot.test.autoconfigure.restdocs.RestDocsTestExecutionListener, org.springframework.boot.test.autoconfigure.web.client.MockRestServiceServerResetTestExecutionListener, org.springframework.boot.test.autoconfigure.web.servlet.MockMvcPrintOnlyOnFailureTestExecutionListener, org.springframework.boot.test.autoconfigure.web.servlet.WebDriverTestExecutionListener, org.springframework.boot.test.mock.mockito.MockitoTestExecutionListener, org.springframework.boot.test.mock.mockito.ResetMocksTestExecutionListener, org.springframework.test.context.web.ServletTestExecutionListener, org.springframework.test.context.support.DirtiesContextBeforeModesTestExecutionListener, org.springframework.test.context.support.DependencyInjectionTestExecutionListener, org.springframework.test.context.support.DirtiesContextTestExecutionListener, org.springframework.test.context.transaction.TransactionalTestExecutionListener, org.springframework.test.context.jdbc.SqlScriptsTestExecutionListener]
23:08:46.357 [Test worker] INFO org.springframework.boot.test.autoconfigure.web.servlet.WebMvcTestContextBootstrapper - Using TestExecutionListeners: [org.springframework.test.context.web.ServletTestExecutionListener@f176416, org.springframework.test.context.support.DirtiesContextBeforeModesTestExecutionListener@4d8464a9, org.springframework.boot.test.mock.mockito.MockitoTestExecutionListener@5ff2403c, org.springframework.boot.test.autoconfigure.SpringBootDependencyInjectionTestExecutionListener@16fd5d58, org.springframework.test.context.support.DirtiesContextTestExecutionListener@22feac45, org.springframework.test.context.transaction.TransactionalTestExecutionListener@4cb1359f, org.springframework.test.context.jdbc.SqlScriptsTestExecutionListener@10f6f95, org.springframework.security.test.context.support.WithSecurityContextTestExecutionListener@7d64e571, org.springframework.security.test.context.support.ReactorContextTestExecutionListener@2aaff21c, org.springframework.boot.test.autoconfigure.restdocs.RestDocsTestExecutionListener@6f77271b, org.springframework.boot.test.autoconfigure.web.client.MockRestServiceServerResetTestExecutionListener@157e8ea7, org.springframework.boot.test.autoconfigure.web.servlet.MockMvcPrintOnlyOnFailureTestExecutionListener@4f6bbe14, org.springframework.boot.test.autoconfigure.web.servlet.WebDriverTestExecutionListener@1a018af7, org.springframework.boot.test.mock.mockito.ResetMocksTestExecutionListener@4c182953]
23:08:46.359 [Test worker] DEBUG org.springframework.test.annotation.ProfileValueUtils - Retrieved @ProfileValueSourceConfiguration [null] for test class [com.isntkyu.book.springboot.web.HelloControllerTest]
23:08:46.360 [Test worker] DEBUG org.springframework.test.annotation.ProfileValueUtils - Retrieved ProfileValueSource type [class org.springframework.test.annotation.SystemProfileValueSource] for class [com.isntkyu.book.springboot.web.HelloControllerTest]
23:08:46.360 [Test worker] DEBUG org.springframework.test.annotation.ProfileValueUtils - Retrieved @ProfileValueSourceConfiguration [null] for test class [com.isntkyu.book.springboot.web.HelloControllerTest]
23:08:46.360 [Test worker] DEBUG org.springframework.test.annotation.ProfileValueUtils - Retrieved ProfileValueSource type [class org.springframework.test.annotation.SystemProfileValueSource] for class [com.isntkyu.book.springboot.web.HelloControllerTest]
23:08:46.363 [Test worker] DEBUG org.springframework.test.context.support.AbstractDirtiesContextTestExecutionListener - Before test class: context [DefaultTestContext@56a8ca74 testClass = HelloControllerTest, testInstance = [null], testMethod = [null], testException = [null], mergedContextConfiguration = [WebMergedContextConfiguration@26c07412 testClass = HelloControllerTest, locations = '{}', classes = '{class com.isntkyu.book.springboot.Application}', contextInitializerClasses = '[]', activeProfiles = '{}', propertySourceLocations = '{}', propertySourceProperties = '{org.springframework.boot.test.autoconfigure.web.servlet.WebMvcTestContextBootstrapper=true}', contextCustomizers = set[org.springframework.boot.test.autoconfigure.OverrideAutoConfigurationContextCustomizerFactory$DisableAutoConfigurationContextCustomizer@378705bd, org.springframework.boot.test.autoconfigure.filter.TypeExcludeFiltersContextCustomizer@f8c11e11, org.springframework.boot.test.autoconfigure.properties.PropertyMappingContextCustomizer@fa31d26b, org.springframework.boot.test.autoconfigure.web.servlet.WebDriverContextCustomizerFactory$Customizer@960b8a6, [ImportsContextCustomizer@4d43a943 key = [org.springframework.boot.autoconfigure.cache.CacheAutoConfiguration, org.springframework.boot.autoconfigure.context.MessageSourceAutoConfiguration, org.springframework.boot.autoconfigure.data.web.SpringDataWebAutoConfiguration, org.springframework.boot.autoconfigure.freemarker.FreeMarkerAutoConfiguration, org.springframework.boot.autoconfigure.groovy.template.GroovyTemplateAutoConfiguration, org.springframework.boot.autoconfigure.gson.GsonAutoConfiguration, org.springframework.boot.autoconfigure.hateoas.HypermediaAutoConfiguration, org.springframework.boot.autoconfigure.http.HttpMessageConvertersAutoConfiguration, org.springframework.boot.autoconfigure.jackson.JacksonAutoConfiguration, org.springframework.boot.autoconfigure.jsonb.JsonbAutoConfiguration, org.springframework.boot.autoconfigure.mustache.MustacheAutoConfiguration, org.springframework.boot.autoconfigure.task.TaskExecutionAutoConfiguration, org.springframework.boot.autoconfigure.thymeleaf.ThymeleafAutoConfiguration, org.springframework.boot.autoconfigure.validation.ValidationAutoConfiguration, org.springframework.boot.autoconfigure.web.servlet.error.ErrorMvcAutoConfiguration, org.springframework.boot.autoconfigure.web.servlet.WebMvcAutoConfiguration, org.springframework.boot.test.autoconfigure.web.servlet.MockMvcAutoConfiguration, org.springframework.boot.test.autoconfigure.web.servlet.MockMvcSecurityAutoConfiguration, org.springframework.boot.test.autoconfigure.web.servlet.MockMvcWebClientAutoConfiguration, org.springframework.boot.test.autoconfigure.web.servlet.MockMvcWebDriverAutoConfiguration]], org.springframework.boot.test.context.filter.ExcludeFilterContextCustomizer@163c39e1, org.springframework.boot.test.json.DuplicateJsonObjectContextCustomizerFactory$DuplicateJsonObjectContextCustomizer@724fc664, org.springframework.boot.test.mock.mockito.MockitoContextCustomizer@0], resourceBasePath = 'src/main/webapp', contextLoader = 'org.springframework.boot.test.context.SpringBootContextLoader', parent = [null]], attributes = map[[empty]]], class annotated with @DirtiesContext [false] with mode [null].
23:08:46.364 [Test worker] DEBUG org.springframework.test.annotation.ProfileValueUtils - Retrieved @ProfileValueSourceConfiguration [null] for test class [com.isntkyu.book.springboot.web.HelloControllerTest]
23:08:46.364 [Test worker] DEBUG org.springframework.test.annotation.ProfileValueUtils - Retrieved ProfileValueSource type [class org.springframework.test.annotation.SystemProfileValueSource] for class [com.isntkyu.book.springboot.web.HelloControllerTest]
23:08:46.367 [Test worker] DEBUG org.springframework.test.context.support.DependencyInjectionTestExecutionListener - Performing dependency injection for test context [[DefaultTestContext@56a8ca74 testClass = HelloControllerTest, testInstance = com.isntkyu.book.springboot.web.HelloControllerTest@7a5c9daf, testMethod = [null], testException = [null], mergedContextConfiguration = [WebMergedContextConfiguration@26c07412 testClass = HelloControllerTest, locations = '{}', classes = '{class com.isntkyu.book.springboot.Application}', contextInitializerClasses = '[]', activeProfiles = '{}', propertySourceLocations = '{}', propertySourceProperties = '{org.springframework.boot.test.autoconfigure.web.servlet.WebMvcTestContextBootstrapper=true}', contextCustomizers = set[org.springframework.boot.test.autoconfigure.OverrideAutoConfigurationContextCustomizerFactory$DisableAutoConfigurationContextCustomizer@378705bd, org.springframework.boot.test.autoconfigure.filter.TypeExcludeFiltersContextCustomizer@f8c11e11, org.springframework.boot.test.autoconfigure.properties.PropertyMappingContextCustomizer@fa31d26b, org.springframework.boot.test.autoconfigure.web.servlet.WebDriverContextCustomizerFactory$Customizer@960b8a6, [ImportsContextCustomizer@4d43a943 key = [org.springframework.boot.autoconfigure.cache.CacheAutoConfiguration, org.springframework.boot.autoconfigure.context.MessageSourceAutoConfiguration, org.springframework.boot.autoconfigure.data.web.SpringDataWebAutoConfiguration, org.springframework.boot.autoconfigure.freemarker.FreeMarkerAutoConfiguration, org.springframework.boot.autoconfigure.groovy.template.GroovyTemplateAutoConfiguration, org.springframework.boot.autoconfigure.gson.GsonAutoConfiguration, org.springframework.boot.autoconfigure.hateoas.HypermediaAutoConfiguration, org.springframework.boot.autoconfigure.http.HttpMessageConvertersAutoConfiguration, org.springframework.boot.autoconfigure.jackson.JacksonAutoConfiguration, org.springframework.boot.autoconfigure.jsonb.JsonbAutoConfiguration, org.springframework.boot.autoconfigure.mustache.MustacheAutoConfiguration, org.springframework.boot.autoconfigure.task.TaskExecutionAutoConfiguration, org.springframework.boot.autoconfigure.thymeleaf.ThymeleafAutoConfiguration, org.springframework.boot.autoconfigure.validation.ValidationAutoConfiguration, org.springframework.boot.autoconfigure.web.servlet.error.ErrorMvcAutoConfiguration, org.springframework.boot.autoconfigure.web.servlet.WebMvcAutoConfiguration, org.springframework.boot.test.autoconfigure.web.servlet.MockMvcAutoConfiguration, org.springframework.boot.test.autoconfigure.web.servlet.MockMvcSecurityAutoConfiguration, org.springframework.boot.test.autoconfigure.web.servlet.MockMvcWebClientAutoConfiguration, org.springframework.boot.test.autoconfigure.web.servlet.MockMvcWebDriverAutoConfiguration]], org.springframework.boot.test.context.filter.ExcludeFilterContextCustomizer@163c39e1, org.springframework.boot.test.json.DuplicateJsonObjectContextCustomizerFactory$DuplicateJsonObjectContextCustomizer@724fc664, org.springframework.boot.test.mock.mockito.MockitoContextCustomizer@0], resourceBasePath = 'src/main/webapp', contextLoader = 'org.springframework.boot.test.context.SpringBootContextLoader', parent = [null]], attributes = map[[empty]]]].
23:08:46.450 [Test worker] DEBUG org.springframework.test.context.support.TestPropertySourceUtils - Adding inlined properties to environment: {spring.jmx.enabled=false, org.springframework.boot.test.autoconfigure.web.servlet.WebMvcTestContextBootstrapper=true, server.port=-1}

  .   ____          _            __ _ _
 /\\ / ___'_ __ _ _(_)_ __  __ _ \ \ \ \
( ( )\___ | '_ | '_| | '_ \/ _` | \ \ \ \
 \\/  ___)| |_)| | | | | || (_| |  ) ) ) )
  '  |____| .__|_| |_|_| |_\__, | / / / /
 =========|_|==============|___/=/_/_/_/
 :: Spring Boot ::        (v2.1.7.RELEASE)

2021-11-11 23:08:46.635  INFO 89108 --- [    Test worker] c.i.b.s.web.HelloControllerTest          : Starting HelloControllerTest on ijungyuui-MacBookPro.local with PID 89108 (started by leejungyu in /Users/leejungyu/IdeaProjects/springboot_webservice)
2021-11-11 23:08:46.638  INFO 89108 --- [    Test worker] c.i.b.s.web.HelloControllerTest          : No active profile set, falling back to default profiles: default
2021-11-11 23:08:47.704  INFO 89108 --- [    Test worker] o.s.s.concurrent.ThreadPoolTaskExecutor  : Initializing ExecutorService 'applicationTaskExecutor'
2021-11-11 23:08:47.776  INFO 89108 --- [    Test worker] o.s.b.a.w.s.WelcomePageHandlerMapping    : Adding welcome page template: index
2021-11-11 23:08:47.992  INFO 89108 --- [    Test worker] .s.s.UserDetailsServiceAutoConfiguration : 

Using generated security password: f947c1c2-aa04-427c-a4b3-f25af2f91807

2021-11-11 23:08:48.188  INFO 89108 --- [    Test worker] o.s.s.web.DefaultSecurityFilterChain     : Creating filter chain: any request, [org.springframework.security.web.context.request.async.WebAsyncManagerIntegrationFilter@6d6c595c, org.springframework.security.web.context.SecurityContextPersistenceFilter@410fde74, org.springframework.security.web.header.HeaderWriterFilter@1b84919a, org.springframework.security.web.csrf.CsrfFilter@16e27b88, org.springframework.security.web.authentication.logout.LogoutFilter@5ce13212, org.springframework.security.web.authentication.UsernamePasswordAuthenticationFilter@231d8151, org.springframework.security.web.authentication.ui.DefaultLoginPageGeneratingFilter@302f4c09, org.springframework.security.web.authentication.ui.DefaultLogoutPageGeneratingFilter@184869ea, org.springframework.security.web.authentication.www.BasicAuthenticationFilter@c61ed7e, org.springframework.security.web.savedrequest.RequestCacheAwareFilter@4e5ca7f4, org.springframework.security.web.servletapi.SecurityContextHolderAwareRequestFilter@4156da9a, org.springframework.security.web.authentication.AnonymousAuthenticationFilter@4cd2b1cf, org.springframework.security.web.session.SessionManagementFilter@5e400256, org.springframework.security.web.access.ExceptionTranslationFilter@13cbaaa6, org.springframework.security.web.access.intercept.FilterSecurityInterceptor@77881869]
2021-11-11 23:08:48.219  INFO 89108 --- [    Test worker] o.s.b.t.m.w.SpringBootMockServletContext : Initializing Spring TestDispatcherServlet ''
2021-11-11 23:08:48.219  INFO 89108 --- [    Test worker] o.s.t.web.servlet.TestDispatcherServlet  : Initializing Servlet ''
2021-11-11 23:08:48.229  INFO 89108 --- [    Test worker] o.s.t.web.servlet.TestDispatcherServlet  : Completed initialization in 10 ms
2021-11-11 23:08:48.267  INFO 89108 --- [    Test worker] c.i.b.s.web.HelloControllerTest          : Started HelloControllerTest in 1.81 seconds (JVM running for 2.55)
]]></system-out>
  <system-err><![CDATA[]]></system-err>
</testsuite>
