<?xml version="1.0" encoding="UTF-8"?>
<testsuite name="com.isntkyu.book.springboot.web.dto.HelloResponseDtoTest" tests="1" skipped="0" failures="0" errors="0" timestamp="2021-12-04T12:26:29" hostname="ip-172-31-45-180.ap-northeast-2.compute.internal" time="0.006">
  <properties/>
  <testcase name="롬복_기능_테스트" classname="com.isntkyu.book.springboot.web.dto.HelloResponseDtoTest" time="0.006"/>
  <system-out><![CDATA[]]></system-out>
  <system-err><![CDATA[]]></system-err>
</testsuite>
