<?xml version="1.0" encoding="UTF-8"?>
<testsuite name="com.isntkyu.book.springboot.domain.posts.PostsRepositoryTest" tests="2" skipped="0" failures="0" errors="0" timestamp="2021-12-12T06:14:12" hostname="ip-172-31-45-180.ap-northeast-2.compute.internal" time="0.617">
  <properties/>
  <testcase name="게시글저장_불러오기" classname="com.isntkyu.book.springboot.domain.posts.PostsRepositoryTest" time="0.569"/>
  <testcase name="BaseTimeEntity_등록" classname="com.isntkyu.book.springboot.domain.posts.PostsRepositoryTest" time="0.039"/>
  <system-out><![CDATA[15:13:58.828 [Test worker] DEBUG org.springframework.test.context.junit4.SpringJUnit4ClassRunner - SpringJUnit4ClassRunner constructor called with [class com.isntkyu.book.springboot.domain.posts.PostsRepositoryTest]
15:13:58.858 [Test worker] DEBUG org.springframework.test.context.BootstrapUtils - Instantiating CacheAwareContextLoaderDelegate from class [org.springframework.test.context.cache.DefaultCacheAwareContextLoaderDelegate]
15:13:58.875 [Test worker] DEBUG org.springframework.test.context.BootstrapUtils - Instantiating BootstrapContext using constructor [public org.springframework.test.context.support.DefaultBootstrapContext(java.lang.Class,org.springframework.test.context.CacheAwareContextLoaderDelegate)]
15:13:58.920 [Test worker] DEBUG org.springframework.test.context.BootstrapUtils - Instantiating TestContextBootstrapper for test class [com.isntkyu.book.springboot.domain.posts.PostsRepositoryTest] from class [org.springframework.boot.test.context.SpringBootTestContextBootstrapper]
15:13:58.950 [Test worker] INFO org.springframework.boot.test.context.SpringBootTestContextBootstrapper - Neither @ContextConfiguration nor @ContextHierarchy found for test class [com.isntkyu.book.springboot.domain.posts.PostsRepositoryTest], using SpringBootContextLoader
15:13:58.957 [Test worker] DEBUG org.springframework.test.context.support.AbstractContextLoader - Did not detect default resource location for test class [com.isntkyu.book.springboot.domain.posts.PostsRepositoryTest]: class path resource [com/isntkyu/book/springboot/domain/posts/PostsRepositoryTest-context.xml] does not exist
15:13:58.958 [Test worker] DEBUG org.springframework.test.context.support.AbstractContextLoader - Did not detect default resource location for test class [com.isntkyu.book.springboot.domain.posts.PostsRepositoryTest]: class path resource [com/isntkyu/book/springboot/domain/posts/PostsRepositoryTestContext.groovy] does not exist
15:13:58.958 [Test worker] INFO org.springframework.test.context.support.AbstractContextLoader - Could not detect default resource locations for test class [com.isntkyu.book.springboot.domain.posts.PostsRepositoryTest]: no resource found for suffixes {-context.xml, Context.groovy}.
15:13:58.959 [Test worker] INFO org.springframework.test.context.support.AnnotationConfigContextLoaderUtils - Could not detect default configuration classes for test class [com.isntkyu.book.springboot.domain.posts.PostsRepositoryTest]: PostsRepositoryTest does not declare any static, non-private, non-final, nested classes annotated with @Configuration.
15:13:59.066 [Test worker] DEBUG org.springframework.test.context.support.ActiveProfilesUtils - Could not find an 'annotation declaring class' for annotation type [org.springframework.test.context.ActiveProfiles] and class [com.isntkyu.book.springboot.domain.posts.PostsRepositoryTest]
15:13:59.220 [Test worker] DEBUG org.springframework.context.annotation.ClassPathScanningCandidateComponentProvider - Identified candidate component class: file [/home/ec2-user/app/step1/springboot_webservice/build/classes/java/main/com/isntkyu/book/springboot/Application.class]
15:13:59.222 [Test worker] INFO org.springframework.boot.test.context.SpringBootTestContextBootstrapper - Found @SpringBootConfiguration com.isntkyu.book.springboot.Application for test class com.isntkyu.book.springboot.domain.posts.PostsRepositoryTest
15:13:59.437 [Test worker] DEBUG org.springframework.boot.test.context.SpringBootTestContextBootstrapper - @TestExecutionListeners is not present for class [com.isntkyu.book.springboot.domain.posts.PostsRepositoryTest]: using defaults.
15:13:59.438 [Test worker] INFO org.springframework.boot.test.context.SpringBootTestContextBootstrapper - Loaded default TestExecutionListener class names from location [META-INF/spring.factories]: [org.springframework.security.test.context.support.WithSecurityContextTestExecutionListener, org.springframework.security.test.context.support.ReactorContextTestExecutionListener, org.springframework.boot.test.autoconfigure.restdocs.RestDocsTestExecutionListener, org.springframework.boot.test.autoconfigure.web.client.MockRestServiceServerResetTestExecutionListener, org.springframework.boot.test.autoconfigure.web.servlet.MockMvcPrintOnlyOnFailureTestExecutionListener, org.springframework.boot.test.autoconfigure.web.servlet.WebDriverTestExecutionListener, org.springframework.boot.test.mock.mockito.MockitoTestExecutionListener, org.springframework.boot.test.mock.mockito.ResetMocksTestExecutionListener, org.springframework.test.context.web.ServletTestExecutionListener, org.springframework.test.context.support.DirtiesContextBeforeModesTestExecutionListener, org.springframework.test.context.support.DependencyInjectionTestExecutionListener, org.springframework.test.context.support.DirtiesContextTestExecutionListener, org.springframework.test.context.transaction.TransactionalTestExecutionListener, org.springframework.test.context.jdbc.SqlScriptsTestExecutionListener]
15:13:59.489 [Test worker] INFO org.springframework.boot.test.context.SpringBootTestContextBootstrapper - Using TestExecutionListeners: [org.springframework.test.context.web.ServletTestExecutionListener@5375f413, org.springframework.test.context.support.DirtiesContextBeforeModesTestExecutionListener@5d7ecac2, org.springframework.boot.test.mock.mockito.MockitoTestExecutionListener@7aee2fe2, org.springframework.boot.test.autoconfigure.SpringBootDependencyInjectionTestExecutionListener@58ed40ac, org.springframework.test.context.support.DirtiesContextTestExecutionListener@2444e2ce, org.springframework.test.context.transaction.TransactionalTestExecutionListener@f47045e, org.springframework.test.context.jdbc.SqlScriptsTestExecutionListener@45dbb6b, org.springframework.security.test.context.support.WithSecurityContextTestExecutionListener@3607736c, org.springframework.security.test.context.support.ReactorContextTestExecutionListener@35d6a5f0, org.springframework.boot.test.autoconfigure.restdocs.RestDocsTestExecutionListener@20432e0, org.springframework.boot.test.autoconfigure.web.client.MockRestServiceServerResetTestExecutionListener@6b6b4728, org.springframework.boot.test.autoconfigure.web.servlet.MockMvcPrintOnlyOnFailureTestExecutionListener@667ac53a, org.springframework.boot.test.autoconfigure.web.servlet.WebDriverTestExecutionListener@66030520, org.springframework.boot.test.mock.mockito.ResetMocksTestExecutionListener@4533a832]
15:13:59.499 [Test worker] DEBUG org.springframework.test.annotation.ProfileValueUtils - Retrieved @ProfileValueSourceConfiguration [null] for test class [com.isntkyu.book.springboot.domain.posts.PostsRepositoryTest]
15:13:59.500 [Test worker] DEBUG org.springframework.test.annotation.ProfileValueUtils - Retrieved ProfileValueSource type [class org.springframework.test.annotation.SystemProfileValueSource] for class [com.isntkyu.book.springboot.domain.posts.PostsRepositoryTest]
15:13:59.501 [Test worker] DEBUG org.springframework.test.annotation.ProfileValueUtils - Retrieved @ProfileValueSourceConfiguration [null] for test class [com.isntkyu.book.springboot.domain.posts.PostsRepositoryTest]
15:13:59.504 [Test worker] DEBUG org.springframework.test.annotation.ProfileValueUtils - Retrieved ProfileValueSource type [class org.springframework.test.annotation.SystemProfileValueSource] for class [com.isntkyu.book.springboot.domain.posts.PostsRepositoryTest]
15:13:59.516 [Test worker] DEBUG org.springframework.test.context.support.AbstractDirtiesContextTestExecutionListener - Before test class: context [DefaultTestContext@3728ede6 testClass = PostsRepositoryTest, testInstance = [null], testMethod = [null], testException = [null], mergedContextConfiguration = [WebMergedContextConfiguration@3cf586eb testClass = PostsRepositoryTest, locations = '{}', classes = '{class com.isntkyu.book.springboot.Application}', contextInitializerClasses = '[]', activeProfiles = '{}', propertySourceLocations = '{}', propertySourceProperties = '{org.springframework.boot.test.context.SpringBootTestContextBootstrapper=true}', contextCustomizers = set[org.springframework.boot.test.autoconfigure.properties.PropertyMappingContextCustomizer@0, org.springframework.boot.test.autoconfigure.web.servlet.WebDriverContextCustomizerFactory$Customizer@73a50351, org.springframework.boot.test.context.filter.ExcludeFilterContextCustomizer@31a6aea0, org.springframework.boot.test.json.DuplicateJsonObjectContextCustomizerFactory$DuplicateJsonObjectContextCustomizer@54382add, org.springframework.boot.test.mock.mockito.MockitoContextCustomizer@0, org.springframework.boot.test.web.client.TestRestTemplateContextCustomizer@2de5bc13], resourceBasePath = 'src/main/webapp', contextLoader = 'org.springframework.boot.test.context.SpringBootContextLoader', parent = [null]], attributes = map['org.springframework.test.context.web.ServletTestExecutionListener.activateListener' -> true]], class annotated with @DirtiesContext [false] with mode [null].
15:13:59.518 [Test worker] DEBUG org.springframework.test.annotation.ProfileValueUtils - Retrieved @ProfileValueSourceConfiguration [null] for test class [com.isntkyu.book.springboot.domain.posts.PostsRepositoryTest]
15:13:59.519 [Test worker] DEBUG org.springframework.test.annotation.ProfileValueUtils - Retrieved ProfileValueSource type [class org.springframework.test.annotation.SystemProfileValueSource] for class [com.isntkyu.book.springboot.domain.posts.PostsRepositoryTest]
15:13:59.577 [Test worker] DEBUG org.springframework.test.context.support.TestPropertySourceUtils - Adding inlined properties to environment: {spring.jmx.enabled=false, org.springframework.boot.test.context.SpringBootTestContextBootstrapper=true, server.port=-1}

  .   ____          _            __ _ _
 /\\ / ___'_ __ _ _(_)_ __  __ _ \ \ \ \
( ( )\___ | '_ | '_| | '_ \/ _` | \ \ \ \
 \\/  ___)| |_)| | | | | || (_| |  ) ) ) )
  '  |____| .__|_| |_|_| |_\__, | / / / /
 =========|_|==============|___/=/_/_/_/
 :: Spring Boot ::        (v2.1.7.RELEASE)

2021-12-12 15:14:00.302  INFO 31262 --- [    Test worker] c.i.b.s.d.posts.PostsRepositoryTest      : Starting PostsRepositoryTest on ip-172-31-45-180.ap-northeast-2.compute.internal with PID 31262 (started by ec2-user in /home/ec2-user/app/step1/springboot_webservice)
2021-12-12 15:14:00.306  INFO 31262 --- [    Test worker] c.i.b.s.d.posts.PostsRepositoryTest      : No active profile set, falling back to default profiles: default
2021-12-12 15:14:03.032  INFO 31262 --- [    Test worker] .s.d.r.c.RepositoryConfigurationDelegate : Bootstrapping Spring Data repositories in DEFAULT mode.
2021-12-12 15:14:03.229  INFO 31262 --- [    Test worker] .s.d.r.c.RepositoryConfigurationDelegate : Finished Spring Data repository scanning in 172ms. Found 2 repository interfaces.
2021-12-12 15:14:04.550  INFO 31262 --- [    Test worker] trationDelegate$BeanPostProcessorChecker : Bean 'org.springframework.transaction.annotation.ProxyTransactionManagementConfiguration' of type [org.springframework.transaction.annotation.ProxyTransactionManagementConfiguration$$EnhancerBySpringCGLIB$$89ac868a] is not eligible for getting processed by all BeanPostProcessors (for example: not eligible for auto-proxying)
2021-12-12 15:14:05.130  INFO 31262 --- [    Test worker] com.zaxxer.hikari.HikariDataSource       : HikariPool-1 - Starting...
2021-12-12 15:14:05.487  INFO 31262 --- [    Test worker] com.zaxxer.hikari.HikariDataSource       : HikariPool-1 - Start completed.
2021-12-12 15:14:05.702  INFO 31262 --- [    Test worker] o.hibernate.jpa.internal.util.LogHelper  : HHH000204: Processing PersistenceUnitInfo [
	name: default
	...]
2021-12-12 15:14:05.821  INFO 31262 --- [    Test worker] org.hibernate.Version                    : HHH000412: Hibernate Core {5.3.10.Final}
2021-12-12 15:14:05.824  INFO 31262 --- [    Test worker] org.hibernate.cfg.Environment            : HHH000206: hibernate.properties not found
2021-12-12 15:14:06.104  INFO 31262 --- [    Test worker] o.hibernate.annotations.common.Version   : HCANN000001: Hibernate Commons Annotations {5.0.4.Final}
2021-12-12 15:14:06.451  INFO 31262 --- [    Test worker] org.hibernate.dialect.Dialect            : HHH000400: Using dialect: org.hibernate.dialect.MySQL5InnoDBDialect
Hibernate: drop table if exists posts
Hibernate: drop table if exists user
Hibernate: create table posts (id bigint not null auto_increment, created_date datetime, modified_date datetime, author varchar(255), content TEXT not null, title varchar(500) not null, primary key (id)) engine=InnoDB
Hibernate: create table user (id bigint not null auto_increment, created_date datetime, modified_date datetime, email varchar(255) not null, name varchar(255) not null, picture varchar(255), role varchar(255) not null, primary key (id)) engine=InnoDB
2021-12-12 15:14:07.601  INFO 31262 --- [    Test worker] o.h.t.schema.internal.SchemaCreatorImpl  : HHH000476: Executing import script 'org.hibernate.tool.schema.internal.exec.ScriptSourceInputNonExistentImpl@26fdd329'
2021-12-12 15:14:07.612  INFO 31262 --- [    Test worker] j.LocalContainerEntityManagerFactoryBean : Initialized JPA EntityManagerFactory for persistence unit 'default'
2021-12-12 15:14:08.928  INFO 31262 --- [    Test worker] o.h.h.i.QueryTranslatorFactoryInitiator  : HHH000397: Using ASTQueryTranslatorFactory
2021-12-12 15:14:09.996  INFO 31262 --- [    Test worker] o.s.s.web.DefaultSecurityFilterChain     : Creating filter chain: any request, [org.springframework.security.web.context.request.async.WebAsyncManagerIntegrationFilter@5ebd63f7, org.springframework.security.web.context.SecurityContextPersistenceFilter@18ac3228, org.springframework.security.web.header.HeaderWriterFilter@227967c, org.springframework.security.web.authentication.logout.LogoutFilter@6d0c6903, org.springframework.security.oauth2.client.web.OAuth2AuthorizationRequestRedirectFilter@1274addf, org.springframework.security.oauth2.client.web.OAuth2LoginAuthenticationFilter@5bf0b30a, org.springframework.security.web.authentication.ui.DefaultLoginPageGeneratingFilter@6f00d37c, org.springframework.security.web.authentication.ui.DefaultLogoutPageGeneratingFilter@245e2dd9, org.springframework.security.web.savedrequest.RequestCacheAwareFilter@18082a82, org.springframework.security.web.servletapi.SecurityContextHolderAwareRequestFilter@22d1803d, org.springframework.security.web.authentication.AnonymousAuthenticationFilter@561ac13f, org.springframework.security.web.session.SessionManagementFilter@1a7f4328, org.springframework.security.web.access.ExceptionTranslationFilter@34da58a3, org.springframework.security.web.access.intercept.FilterSecurityInterceptor@5e933713]
2021-12-12 15:14:11.214  INFO 31262 --- [    Test worker] o.s.s.concurrent.ThreadPoolTaskExecutor  : Initializing ExecutorService 'applicationTaskExecutor'
2021-12-12 15:14:11.336  WARN 31262 --- [    Test worker] aWebConfiguration$JpaWebMvcConfiguration : spring.jpa.open-in-view is enabled by default. Therefore, database queries may be performed during view rendering. Explicitly configure spring.jpa.open-in-view to disable this warning
2021-12-12 15:14:11.457  INFO 31262 --- [    Test worker] o.s.b.a.w.s.WelcomePageHandlerMapping    : Adding welcome page template: index
2021-12-12 15:14:12.618  INFO 31262 --- [    Test worker] s.a.ScheduledAnnotationBeanPostProcessor : No TaskScheduler/ScheduledExecutorService bean found for scheduled processing
2021-12-12 15:14:12.644  INFO 31262 --- [    Test worker] c.i.b.s.d.posts.PostsRepositoryTest      : Started PostsRepositoryTest in 13.051 seconds (JVM running for 15.159)
Hibernate: insert into posts (created_date, modified_date, author, content, title) values (?, ?, ?, ?, ?)
Hibernate: select posts0_.id as id1_0_, posts0_.created_date as created_2_0_, posts0_.modified_date as modified3_0_, posts0_.author as author4_0_, posts0_.content as content5_0_, posts0_.title as title6_0_ from posts posts0_
Hibernate: select posts0_.id as id1_0_, posts0_.created_date as created_2_0_, posts0_.modified_date as modified3_0_, posts0_.author as author4_0_, posts0_.content as content5_0_, posts0_.title as title6_0_ from posts posts0_
Hibernate: delete from posts where id=?
Hibernate: insert into posts (created_date, modified_date, author, content, title) values (?, ?, ?, ?, ?)
Hibernate: select posts0_.id as id1_0_, posts0_.created_date as created_2_0_, posts0_.modified_date as modified3_0_, posts0_.author as author4_0_, posts0_.content as content5_0_, posts0_.title as title6_0_ from posts posts0_
>>>> createDate=2021-12-12T15:14:13.291, modifiedDate=2021-12-12T15:14:13.291
Hibernate: select posts0_.id as id1_0_, posts0_.created_date as created_2_0_, posts0_.modified_date as modified3_0_, posts0_.author as author4_0_, posts0_.content as content5_0_, posts0_.title as title6_0_ from posts posts0_
Hibernate: delete from posts where id=?
]]></system-out>
  <system-err><![CDATA[]]></system-err>
</testsuite>
