<?xml version="1.0" encoding="UTF-8"?>
<testsuite name="com.isntkyu.book.springboot.web.IndexControllerTest" tests="1" skipped="0" failures="0" errors="0" timestamp="2021-12-04T11:56:15" hostname="ijungyuui-MacBookPro.local" time="0.323">
  <properties/>
  <testcase name="메인페이지_로딩" classname="com.isntkyu.book.springboot.web.IndexControllerTest" time="0.323"/>
  <system-out><![CDATA[2021-12-04 20:55:54.644  INFO 15751 --- [    Test worker] .b.t.c.SpringBootTestContextBootstrapper : Neither @ContextConfiguration nor @ContextHierarchy found for test class [com.isntkyu.book.springboot.web.IndexControllerTest], using SpringBootContextLoader
2021-12-04 20:55:54.645  INFO 15751 --- [    Test worker] o.s.t.c.support.AbstractContextLoader    : Could not detect default resource locations for test class [com.isntkyu.book.springboot.web.IndexControllerTest]: no resource found for suffixes {-context.xml, Context.groovy}.
2021-12-04 20:55:54.645  INFO 15751 --- [    Test worker] t.c.s.AnnotationConfigContextLoaderUtils : Could not detect default configuration classes for test class [com.isntkyu.book.springboot.web.IndexControllerTest]: IndexControllerTest does not declare any static, non-private, non-final, nested classes annotated with @Configuration.
2021-12-04 20:55:54.647  INFO 15751 --- [    Test worker] .b.t.c.SpringBootTestContextBootstrapper : Found @SpringBootConfiguration com.isntkyu.book.springboot.Application for test class com.isntkyu.book.springboot.web.IndexControllerTest
2021-12-04 20:55:54.648  INFO 15751 --- [    Test worker] .b.t.c.SpringBootTestContextBootstrapper : Loaded default TestExecutionListener class names from location [META-INF/spring.factories]: [org.springframework.security.test.context.support.WithSecurityContextTestExecutionListener, org.springframework.security.test.context.support.ReactorContextTestExecutionListener, org.springframework.boot.test.autoconfigure.restdocs.RestDocsTestExecutionListener, org.springframework.boot.test.autoconfigure.web.client.MockRestServiceServerResetTestExecutionListener, org.springframework.boot.test.autoconfigure.web.servlet.MockMvcPrintOnlyOnFailureTestExecutionListener, org.springframework.boot.test.autoconfigure.web.servlet.WebDriverTestExecutionListener, org.springframework.boot.test.mock.mockito.MockitoTestExecutionListener, org.springframework.boot.test.mock.mockito.ResetMocksTestExecutionListener, org.springframework.test.context.web.ServletTestExecutionListener, org.springframework.test.context.support.DirtiesContextBeforeModesTestExecutionListener, org.springframework.test.context.support.DependencyInjectionTestExecutionListener, org.springframework.test.context.support.DirtiesContextTestExecutionListener, org.springframework.test.context.transaction.TransactionalTestExecutionListener, org.springframework.test.context.jdbc.SqlScriptsTestExecutionListener]
2021-12-04 20:55:54.649  INFO 15751 --- [    Test worker] .b.t.c.SpringBootTestContextBootstrapper : Using TestExecutionListeners: [org.springframework.test.context.web.ServletTestExecutionListener@30e824f8, org.springframework.test.context.support.DirtiesContextBeforeModesTestExecutionListener@bd36b1d, org.springframework.boot.test.mock.mockito.MockitoTestExecutionListener@e270524, org.springframework.boot.test.autoconfigure.SpringBootDependencyInjectionTestExecutionListener@29712688, org.springframework.test.context.support.DirtiesContextTestExecutionListener@584f08ba, org.springframework.test.context.transaction.TransactionalTestExecutionListener@48d41b2d, org.springframework.test.context.jdbc.SqlScriptsTestExecutionListener@7e6c2936, org.springframework.security.test.context.support.WithSecurityContextTestExecutionListener@5e890515, org.springframework.security.test.context.support.ReactorContextTestExecutionListener@7e23cca6, org.springframework.boot.test.autoconfigure.restdocs.RestDocsTestExecutionListener@1646bd3c, org.springframework.boot.test.autoconfigure.web.client.MockRestServiceServerResetTestExecutionListener@97c035b, org.springframework.boot.test.autoconfigure.web.servlet.MockMvcPrintOnlyOnFailureTestExecutionListener@1f4b0ecc, org.springframework.boot.test.autoconfigure.web.servlet.WebDriverTestExecutionListener@7f6da77f, org.springframework.boot.test.mock.mockito.ResetMocksTestExecutionListener@5ce14af3]

  .   ____          _            __ _ _
 /\\ / ___'_ __ _ _(_)_ __  __ _ \ \ \ \
( ( )\___ | '_ | '_| | '_ \/ _` | \ \ \ \
 \\/  ___)| |_)| | | | | || (_| |  ) ) ) )
  '  |____| .__|_| |_|_| |_\__, | / / / /
 =========|_|==============|___/=/_/_/_/
 :: Spring Boot ::        (v2.1.7.RELEASE)

2021-12-04 20:56:09.696  INFO 15751 --- [    Test worker] c.i.b.s.web.IndexControllerTest          : Starting IndexControllerTest on ijungyuui-MacBookPro.local with PID 15751 (started by leejungyu in /Users/leejungyu/IdeaProjects/springboot_webservice)
2021-12-04 20:56:09.697  INFO 15751 --- [    Test worker] c.i.b.s.web.IndexControllerTest          : No active profile set, falling back to default profiles: default
2021-12-04 20:56:10.049  INFO 15751 --- [    Test worker] .s.d.r.c.RepositoryConfigurationDelegate : Bootstrapping Spring Data repositories in DEFAULT mode.
2021-12-04 20:56:10.116  INFO 15751 --- [    Test worker] .s.d.r.c.RepositoryConfigurationDelegate : Finished Spring Data repository scanning in 56ms. Found 2 repository interfaces.
2021-12-04 20:56:10.337  INFO 15751 --- [    Test worker] trationDelegate$BeanPostProcessorChecker : Bean 'org.springframework.transaction.annotation.ProxyTransactionManagementConfiguration' of type [org.springframework.transaction.annotation.ProxyTransactionManagementConfiguration$$EnhancerBySpringCGLIB$$fc02ceb2] is not eligible for getting processed by all BeanPostProcessors (for example: not eligible for auto-proxying)
2021-12-04 20:56:10.774  INFO 15751 --- [    Test worker] o.s.b.w.embedded.tomcat.TomcatWebServer  : Tomcat initialized with port(s): 0 (http)
2021-12-04 20:56:10.808  INFO 15751 --- [    Test worker] o.apache.catalina.core.StandardService   : Starting service [Tomcat]
2021-12-04 20:56:10.809  INFO 15751 --- [    Test worker] org.apache.catalina.core.StandardEngine  : Starting Servlet engine: [Apache Tomcat/9.0.22]
2021-12-04 20:56:11.037  INFO 15751 --- [    Test worker] o.a.c.c.C.[Tomcat].[localhost].[/]       : Initializing Spring embedded WebApplicationContext
2021-12-04 20:56:11.037  INFO 15751 --- [    Test worker] o.s.web.context.ContextLoader            : Root WebApplicationContext: initialization completed in 1336 ms
2021-12-04 20:56:11.391  INFO 15751 --- [    Test worker] com.zaxxer.hikari.HikariDataSource       : HikariPool-1 - Starting...
2021-12-04 20:56:11.693  INFO 15751 --- [    Test worker] com.zaxxer.hikari.HikariDataSource       : HikariPool-1 - Start completed.
2021-12-04 20:56:11.846  INFO 15751 --- [    Test worker] o.hibernate.jpa.internal.util.LogHelper  : HHH000204: Processing PersistenceUnitInfo [
	name: default
	...]
2021-12-04 20:56:12.027  INFO 15751 --- [    Test worker] org.hibernate.Version                    : HHH000412: Hibernate Core {5.3.10.Final}
2021-12-04 20:56:12.031  INFO 15751 --- [    Test worker] org.hibernate.cfg.Environment            : HHH000206: hibernate.properties not found
2021-12-04 20:56:12.216  INFO 15751 --- [    Test worker] o.hibernate.annotations.common.Version   : HCANN000001: Hibernate Commons Annotations {5.0.4.Final}
2021-12-04 20:56:12.598  INFO 15751 --- [    Test worker] org.hibernate.dialect.Dialect            : HHH000400: Using dialect: org.hibernate.dialect.MySQL5InnoDBDialect
Hibernate: drop table if exists posts
Hibernate: drop table if exists user
Hibernate: create table posts (id bigint not null auto_increment, created_date datetime, modified_date datetime, author varchar(255), content TEXT not null, title varchar(500) not null, primary key (id)) engine=InnoDB
Hibernate: create table user (id bigint not null auto_increment, created_date datetime, modified_date datetime, email varchar(255) not null, name varchar(255) not null, picture varchar(255), role varchar(255) not null, primary key (id)) engine=InnoDB
2021-12-04 20:56:13.730  INFO 15751 --- [    Test worker] o.h.t.schema.internal.SchemaCreatorImpl  : HHH000476: Executing import script 'org.hibernate.tool.schema.internal.exec.ScriptSourceInputNonExistentImpl@1d4cd55c'
2021-12-04 20:56:13.736  INFO 15751 --- [    Test worker] j.LocalContainerEntityManagerFactoryBean : Initialized JPA EntityManagerFactory for persistence unit 'default'
2021-12-04 20:56:14.461  INFO 15751 --- [    Test worker] o.h.h.i.QueryTranslatorFactoryInitiator  : HHH000397: Using ASTQueryTranslatorFactory
2021-12-04 20:56:14.832  INFO 15751 --- [    Test worker] o.s.s.web.DefaultSecurityFilterChain     : Creating filter chain: any request, [org.springframework.security.web.context.request.async.WebAsyncManagerIntegrationFilter@75c2ca49, org.springframework.security.web.context.SecurityContextPersistenceFilter@75035304, org.springframework.security.web.header.HeaderWriterFilter@5499b333, org.springframework.security.web.authentication.logout.LogoutFilter@4c61752c, org.springframework.security.oauth2.client.web.OAuth2AuthorizationRequestRedirectFilter@177470c0, org.springframework.security.oauth2.client.web.OAuth2LoginAuthenticationFilter@75eb2003, org.springframework.security.web.authentication.ui.DefaultLoginPageGeneratingFilter@23959929, org.springframework.security.web.authentication.ui.DefaultLogoutPageGeneratingFilter@41abbad1, org.springframework.security.web.savedrequest.RequestCacheAwareFilter@3b421972, org.springframework.security.web.servletapi.SecurityContextHolderAwareRequestFilter@22db2502, org.springframework.security.web.authentication.AnonymousAuthenticationFilter@6d6c71df, org.springframework.security.web.session.SessionManagementFilter@1f33cf87, org.springframework.security.web.access.ExceptionTranslationFilter@7797231d, org.springframework.security.web.access.intercept.FilterSecurityInterceptor@448ba0c0]
2021-12-04 20:56:14.969  INFO 15751 --- [    Test worker] o.s.s.concurrent.ThreadPoolTaskExecutor  : Initializing ExecutorService 'applicationTaskExecutor'
2021-12-04 20:56:14.982  WARN 15751 --- [    Test worker] aWebConfiguration$JpaWebMvcConfiguration : spring.jpa.open-in-view is enabled by default. Therefore, database queries may be performed during view rendering. Explicitly configure spring.jpa.open-in-view to disable this warning
2021-12-04 20:56:15.005  INFO 15751 --- [    Test worker] o.s.b.a.w.s.WelcomePageHandlerMapping    : Adding welcome page template: index
2021-12-04 20:56:15.288  INFO 15751 --- [    Test worker] s.a.ScheduledAnnotationBeanPostProcessor : No TaskScheduler/ScheduledExecutorService bean found for scheduled processing
2021-12-04 20:56:15.336  INFO 15751 --- [    Test worker] o.s.b.w.embedded.tomcat.TomcatWebServer  : Tomcat started on port(s): 51110 (http) with context path ''
2021-12-04 20:56:15.337  INFO 15751 --- [    Test worker] c.i.b.s.web.IndexControllerTest          : Started IndexControllerTest in 20.686 seconds (JVM running for 41.034)
2021-12-04 20:56:15.526  INFO 15751 --- [o-auto-1-exec-1] o.a.c.c.C.[Tomcat].[localhost].[/]       : Initializing Spring DispatcherServlet 'dispatcherServlet'
2021-12-04 20:56:15.526  INFO 15751 --- [o-auto-1-exec-1] o.s.web.servlet.DispatcherServlet        : Initializing Servlet 'dispatcherServlet'
2021-12-04 20:56:15.543  INFO 15751 --- [o-auto-1-exec-1] o.s.web.servlet.DispatcherServlet        : Completed initialization in 17 ms
Hibernate: select posts0_.id as id1_0_, posts0_.created_date as created_2_0_, posts0_.modified_date as modified3_0_, posts0_.author as author4_0_, posts0_.content as content5_0_, posts0_.title as title6_0_ from posts posts0_ order by posts0_.id desc
]]></system-out>
  <system-err><![CDATA[]]></system-err>
</testsuite>
