<?xml version="1.0" encoding="UTF-8"?>
<testsuite name="com.isntkyu.book.springboot.domain.posts.PostsRepositoryTest" tests="2" skipped="0" failures="0" errors="0" timestamp="2021-12-04T11:56:32" hostname="ijungyuui-MacBookPro.local" time="0.029">
  <properties/>
  <testcase name="게시글저장_불러오기" classname="com.isntkyu.book.springboot.domain.posts.PostsRepositoryTest" time="0.017"/>
  <testcase name="BaseTimeEntity_등록" classname="com.isntkyu.book.springboot.domain.posts.PostsRepositoryTest" time="0.011"/>
  <system-out><![CDATA[2021-12-04 20:56:15.949  INFO 15751 --- [    Test worker] .b.t.c.SpringBootTestContextBootstrapper : Neither @ContextConfiguration nor @ContextHierarchy found for test class [com.isntkyu.book.springboot.domain.posts.PostsRepositoryTest], using SpringBootContextLoader
2021-12-04 20:56:15.950  INFO 15751 --- [    Test worker] o.s.t.c.support.AbstractContextLoader    : Could not detect default resource locations for test class [com.isntkyu.book.springboot.domain.posts.PostsRepositoryTest]: no resource found for suffixes {-context.xml, Context.groovy}.
2021-12-04 20:56:15.950  INFO 15751 --- [    Test worker] t.c.s.AnnotationConfigContextLoaderUtils : Could not detect default configuration classes for test class [com.isntkyu.book.springboot.domain.posts.PostsRepositoryTest]: PostsRepositoryTest does not declare any static, non-private, non-final, nested classes annotated with @Configuration.
2021-12-04 20:56:15.956  INFO 15751 --- [    Test worker] .b.t.c.SpringBootTestContextBootstrapper : Found @SpringBootConfiguration com.isntkyu.book.springboot.Application for test class com.isntkyu.book.springboot.domain.posts.PostsRepositoryTest
2021-12-04 20:56:15.958  INFO 15751 --- [    Test worker] .b.t.c.SpringBootTestContextBootstrapper : Loaded default TestExecutionListener class names from location [META-INF/spring.factories]: [org.springframework.security.test.context.support.WithSecurityContextTestExecutionListener, org.springframework.security.test.context.support.ReactorContextTestExecutionListener, org.springframework.boot.test.autoconfigure.restdocs.RestDocsTestExecutionListener, org.springframework.boot.test.autoconfigure.web.client.MockRestServiceServerResetTestExecutionListener, org.springframework.boot.test.autoconfigure.web.servlet.MockMvcPrintOnlyOnFailureTestExecutionListener, org.springframework.boot.test.autoconfigure.web.servlet.WebDriverTestExecutionListener, org.springframework.boot.test.mock.mockito.MockitoTestExecutionListener, org.springframework.boot.test.mock.mockito.ResetMocksTestExecutionListener, org.springframework.test.context.web.ServletTestExecutionListener, org.springframework.test.context.support.DirtiesContextBeforeModesTestExecutionListener, org.springframework.test.context.support.DependencyInjectionTestExecutionListener, org.springframework.test.context.support.DirtiesContextTestExecutionListener, org.springframework.test.context.transaction.TransactionalTestExecutionListener, org.springframework.test.context.jdbc.SqlScriptsTestExecutionListener]
2021-12-04 20:56:15.959  INFO 15751 --- [    Test worker] .b.t.c.SpringBootTestContextBootstrapper : Using TestExecutionListeners: [org.springframework.test.context.web.ServletTestExecutionListener@1fb86ef5, org.springframework.test.context.support.DirtiesContextBeforeModesTestExecutionListener@7ad822ee, org.springframework.boot.test.mock.mockito.MockitoTestExecutionListener@5c5f83f8, org.springframework.boot.test.autoconfigure.SpringBootDependencyInjectionTestExecutionListener@4ee61b19, org.springframework.test.context.support.DirtiesContextTestExecutionListener@12751bf6, org.springframework.test.context.transaction.TransactionalTestExecutionListener@29018404, org.springframework.test.context.jdbc.SqlScriptsTestExecutionListener@961929f, org.springframework.security.test.context.support.WithSecurityContextTestExecutionListener@77216e79, org.springframework.security.test.context.support.ReactorContextTestExecutionListener@4d3171c0, org.springframework.boot.test.autoconfigure.restdocs.RestDocsTestExecutionListener@68b5fdc6, org.springframework.boot.test.autoconfigure.web.client.MockRestServiceServerResetTestExecutionListener@6dc57f25, org.springframework.boot.test.autoconfigure.web.servlet.MockMvcPrintOnlyOnFailureTestExecutionListener@116b8642, org.springframework.boot.test.autoconfigure.web.servlet.WebDriverTestExecutionListener@57125ade, org.springframework.boot.test.mock.mockito.ResetMocksTestExecutionListener@100ec637]

  .   ____          _            __ _ _
 /\\ / ___'_ __ _ _(_)_ __  __ _ \ \ \ \
( ( )\___ | '_ | '_| | '_ \/ _` | \ \ \ \
 \\/  ___)| |_)| | | | | || (_| |  ) ) ) )
  '  |____| .__|_| |_|_| |_\__, | / / / /
 =========|_|==============|___/=/_/_/_/
 :: Spring Boot ::        (v2.1.7.RELEASE)

2021-12-04 20:56:30.990  INFO 15751 --- [    Test worker] c.i.b.s.d.posts.PostsRepositoryTest      : Starting PostsRepositoryTest on ijungyuui-MacBookPro.local with PID 15751 (started by leejungyu in /Users/leejungyu/IdeaProjects/springboot_webservice)
2021-12-04 20:56:30.990  INFO 15751 --- [    Test worker] c.i.b.s.d.posts.PostsRepositoryTest      : No active profile set, falling back to default profiles: default
2021-12-04 20:56:31.214  INFO 15751 --- [    Test worker] .s.d.r.c.RepositoryConfigurationDelegate : Bootstrapping Spring Data repositories in DEFAULT mode.
2021-12-04 20:56:31.228  INFO 15751 --- [    Test worker] .s.d.r.c.RepositoryConfigurationDelegate : Finished Spring Data repository scanning in 14ms. Found 2 repository interfaces.
2021-12-04 20:56:31.315  INFO 15751 --- [    Test worker] trationDelegate$BeanPostProcessorChecker : Bean 'org.springframework.transaction.annotation.ProxyTransactionManagementConfiguration' of type [org.springframework.transaction.annotation.ProxyTransactionManagementConfiguration$$EnhancerBySpringCGLIB$$fc02ceb2] is not eligible for getting processed by all BeanPostProcessors (for example: not eligible for auto-proxying)
2021-12-04 20:56:31.381  INFO 15751 --- [    Test worker] com.zaxxer.hikari.HikariDataSource       : HikariPool-2 - Starting...
2021-12-04 20:56:31.382  INFO 15751 --- [    Test worker] com.zaxxer.hikari.HikariDataSource       : HikariPool-2 - Start completed.
2021-12-04 20:56:31.401  INFO 15751 --- [    Test worker] o.hibernate.jpa.internal.util.LogHelper  : HHH000204: Processing PersistenceUnitInfo [
	name: default
	...]
2021-12-04 20:56:31.407  INFO 15751 --- [    Test worker] org.hibernate.dialect.Dialect            : HHH000400: Using dialect: org.hibernate.dialect.MySQL5InnoDBDialect
Hibernate: drop table if exists posts
Hibernate: drop table if exists user
Hibernate: create table posts (id bigint not null auto_increment, created_date datetime, modified_date datetime, author varchar(255), content TEXT not null, title varchar(500) not null, primary key (id)) engine=InnoDB
Hibernate: create table user (id bigint not null auto_increment, created_date datetime, modified_date datetime, email varchar(255) not null, name varchar(255) not null, picture varchar(255), role varchar(255) not null, primary key (id)) engine=InnoDB
2021-12-04 20:56:31.458  INFO 15751 --- [    Test worker] o.h.t.schema.internal.SchemaCreatorImpl  : HHH000476: Executing import script 'org.hibernate.tool.schema.internal.exec.ScriptSourceInputNonExistentImpl@1d4cd55c'
2021-12-04 20:56:31.458  INFO 15751 --- [    Test worker] j.LocalContainerEntityManagerFactoryBean : Initialized JPA EntityManagerFactory for persistence unit 'default'
2021-12-04 20:56:31.664  INFO 15751 --- [    Test worker] o.h.h.i.QueryTranslatorFactoryInitiator  : HHH000397: Using ASTQueryTranslatorFactory
2021-12-04 20:56:31.874  INFO 15751 --- [    Test worker] o.s.s.web.DefaultSecurityFilterChain     : Creating filter chain: any request, [org.springframework.security.web.context.request.async.WebAsyncManagerIntegrationFilter@14e89926, org.springframework.security.web.context.SecurityContextPersistenceFilter@74a80139, org.springframework.security.web.header.HeaderWriterFilter@1fbde655, org.springframework.security.web.authentication.logout.LogoutFilter@5194d286, org.springframework.security.oauth2.client.web.OAuth2AuthorizationRequestRedirectFilter@46dddf39, org.springframework.security.oauth2.client.web.OAuth2LoginAuthenticationFilter@4deba908, org.springframework.security.web.authentication.ui.DefaultLoginPageGeneratingFilter@6501a6d6, org.springframework.security.web.authentication.ui.DefaultLogoutPageGeneratingFilter@544ecc62, org.springframework.security.web.savedrequest.RequestCacheAwareFilter@28c0bddc, org.springframework.security.web.servletapi.SecurityContextHolderAwareRequestFilter@583f69df, org.springframework.security.web.authentication.AnonymousAuthenticationFilter@7cc2f5c5, org.springframework.security.web.session.SessionManagementFilter@55fd1fd9, org.springframework.security.web.access.ExceptionTranslationFilter@6107b676, org.springframework.security.web.access.intercept.FilterSecurityInterceptor@f69e1f8]
2021-12-04 20:56:32.110  INFO 15751 --- [    Test worker] o.s.s.concurrent.ThreadPoolTaskExecutor  : Initializing ExecutorService 'applicationTaskExecutor'
2021-12-04 20:56:32.118  WARN 15751 --- [    Test worker] aWebConfiguration$JpaWebMvcConfiguration : spring.jpa.open-in-view is enabled by default. Therefore, database queries may be performed during view rendering. Explicitly configure spring.jpa.open-in-view to disable this warning
2021-12-04 20:56:32.137  INFO 15751 --- [    Test worker] o.s.b.a.w.s.WelcomePageHandlerMapping    : Adding welcome page template: index
2021-12-04 20:56:32.360  INFO 15751 --- [    Test worker] s.a.ScheduledAnnotationBeanPostProcessor : No TaskScheduler/ScheduledExecutorService bean found for scheduled processing
2021-12-04 20:56:32.361  INFO 15751 --- [    Test worker] c.i.b.s.d.posts.PostsRepositoryTest      : Started PostsRepositoryTest in 16.401 seconds (JVM running for 58.058)
Hibernate: insert into posts (created_date, modified_date, author, content, title) values (?, ?, ?, ?, ?)
Hibernate: select posts0_.id as id1_0_, posts0_.created_date as created_2_0_, posts0_.modified_date as modified3_0_, posts0_.author as author4_0_, posts0_.content as content5_0_, posts0_.title as title6_0_ from posts posts0_
Hibernate: select posts0_.id as id1_0_, posts0_.created_date as created_2_0_, posts0_.modified_date as modified3_0_, posts0_.author as author4_0_, posts0_.content as content5_0_, posts0_.title as title6_0_ from posts posts0_
Hibernate: delete from posts where id=?
Hibernate: insert into posts (created_date, modified_date, author, content, title) values (?, ?, ?, ?, ?)
Hibernate: select posts0_.id as id1_0_, posts0_.created_date as created_2_0_, posts0_.modified_date as modified3_0_, posts0_.author as author4_0_, posts0_.content as content5_0_, posts0_.title as title6_0_ from posts posts0_
>>>> createDate=2021-12-04T20:56:32.385, modifiedDate=2021-12-04T20:56:32.385
Hibernate: select posts0_.id as id1_0_, posts0_.created_date as created_2_0_, posts0_.modified_date as modified3_0_, posts0_.author as author4_0_, posts0_.content as content5_0_, posts0_.title as title6_0_ from posts posts0_
Hibernate: delete from posts where id=?
]]></system-out>
  <system-err><![CDATA[]]></system-err>
</testsuite>
