<?xml version="1.0" encoding="UTF-8"?>
<testsuite name="com.isntkyu.book.springboot.web.HelloControllerTest" tests="2" skipped="0" failures="0" errors="0" timestamp="2021-12-04T12:26:24" hostname="ip-172-31-45-180.ap-northeast-2.compute.internal" time="0.313">
  <properties/>
  <testcase name="hello가_리턴된다" classname="com.isntkyu.book.springboot.web.HelloControllerTest" time="0.138"/>
  <testcase name="helloDto가_리턴된다" classname="com.isntkyu.book.springboot.web.HelloControllerTest" time="0.174"/>
  <system-out><![CDATA[2021-12-04 21:26:23.027  INFO 354 --- [    Test worker] .b.t.a.w.s.WebMvcTestContextBootstrapper : Neither @ContextConfiguration nor @ContextHierarchy found for test class [com.isntkyu.book.springboot.web.HelloControllerTest], using SpringBootContextLoader
2021-12-04 21:26:23.035  INFO 354 --- [    Test worker] o.s.t.c.support.AbstractContextLoader    : Could not detect default resource locations for test class [com.isntkyu.book.springboot.web.HelloControllerTest]: no resource found for suffixes {-context.xml, Context.groovy}.
2021-12-04 21:26:23.036  INFO 354 --- [    Test worker] t.c.s.AnnotationConfigContextLoaderUtils : Could not detect default configuration classes for test class [com.isntkyu.book.springboot.web.HelloControllerTest]: HelloControllerTest does not declare any static, non-private, non-final, nested classes annotated with @Configuration.
2021-12-04 21:26:23.081  INFO 354 --- [    Test worker] .b.t.c.SpringBootTestContextBootstrapper : Found @SpringBootConfiguration com.isntkyu.book.springboot.Application for test class com.isntkyu.book.springboot.web.HelloControllerTest
2021-12-04 21:26:23.085  INFO 354 --- [    Test worker] .b.t.a.w.s.WebMvcTestContextBootstrapper : Loaded default TestExecutionListener class names from location [META-INF/spring.factories]: [org.springframework.security.test.context.support.WithSecurityContextTestExecutionListener, org.springframework.security.test.context.support.ReactorContextTestExecutionListener, org.springframework.boot.test.autoconfigure.restdocs.RestDocsTestExecutionListener, org.springframework.boot.test.autoconfigure.web.client.MockRestServiceServerResetTestExecutionListener, org.springframework.boot.test.autoconfigure.web.servlet.MockMvcPrintOnlyOnFailureTestExecutionListener, org.springframework.boot.test.autoconfigure.web.servlet.WebDriverTestExecutionListener, org.springframework.boot.test.mock.mockito.MockitoTestExecutionListener, org.springframework.boot.test.mock.mockito.ResetMocksTestExecutionListener, org.springframework.test.context.web.ServletTestExecutionListener, org.springframework.test.context.support.DirtiesContextBeforeModesTestExecutionListener, org.springframework.test.context.support.DependencyInjectionTestExecutionListener, org.springframework.test.context.support.DirtiesContextTestExecutionListener, org.springframework.test.context.transaction.TransactionalTestExecutionListener, org.springframework.test.context.jdbc.SqlScriptsTestExecutionListener]
2021-12-04 21:26:23.086  INFO 354 --- [    Test worker] .b.t.a.w.s.WebMvcTestContextBootstrapper : Using TestExecutionListeners: [org.springframework.test.context.web.ServletTestExecutionListener@26af9fa7, org.springframework.test.context.support.DirtiesContextBeforeModesTestExecutionListener@3c23eda6, org.springframework.boot.test.mock.mockito.MockitoTestExecutionListener@6403f5e9, org.springframework.boot.test.autoconfigure.SpringBootDependencyInjectionTestExecutionListener@4430482c, org.springframework.test.context.support.DirtiesContextTestExecutionListener@1e38a5aa, org.springframework.test.context.transaction.TransactionalTestExecutionListener@3d552516, org.springframework.test.context.jdbc.SqlScriptsTestExecutionListener@468223e8, org.springframework.security.test.context.support.WithSecurityContextTestExecutionListener@b5623c, org.springframework.security.test.context.support.ReactorContextTestExecutionListener@5bfb9275, org.springframework.boot.test.autoconfigure.restdocs.RestDocsTestExecutionListener@4f926189, org.springframework.boot.test.autoconfigure.web.client.MockRestServiceServerResetTestExecutionListener@18d886f0, org.springframework.boot.test.autoconfigure.web.servlet.MockMvcPrintOnlyOnFailureTestExecutionListener@3357a355, org.springframework.boot.test.autoconfigure.web.servlet.WebDriverTestExecutionListener@3438f770, org.springframework.boot.test.mock.mockito.ResetMocksTestExecutionListener@68fa4657]

  .   ____          _            __ _ _
 /\\ / ___'_ __ _ _(_)_ __  __ _ \ \ \ \
( ( )\___ | '_ | '_| | '_ \/ _` | \ \ \ \
 \\/  ___)| |_)| | | | | || (_| |  ) ) ) )
  '  |____| .__|_| |_|_| |_\__, | / / / /
 =========|_|==============|___/=/_/_/_/
 :: Spring Boot ::        (v2.1.7.RELEASE)

2021-12-04 21:26:23.154  INFO 354 --- [    Test worker] c.i.b.s.web.HelloControllerTest          : Starting HelloControllerTest on ip-172-31-45-180.ap-northeast-2.compute.internal with PID 354 (started by ec2-user in /home/ec2-user/app/step1/springboot_webservice)
2021-12-04 21:26:23.158  INFO 354 --- [    Test worker] c.i.b.s.web.HelloControllerTest          : No active profile set, falling back to default profiles: default
2021-12-04 21:26:23.956  INFO 354 --- [    Test worker] o.s.s.concurrent.ThreadPoolTaskExecutor  : Initializing ExecutorService 'applicationTaskExecutor'
2021-12-04 21:26:24.033  INFO 354 --- [    Test worker] o.s.b.a.w.s.WelcomePageHandlerMapping    : Adding welcome page template: index
2021-12-04 21:26:24.403  INFO 354 --- [    Test worker] .s.s.UserDetailsServiceAutoConfiguration : 

Using generated security password: 48cc39fc-2975-49ab-9d67-6f716775e50f

2021-12-04 21:26:24.630  INFO 354 --- [    Test worker] o.s.s.web.DefaultSecurityFilterChain     : Creating filter chain: any request, [org.springframework.security.web.context.request.async.WebAsyncManagerIntegrationFilter@379bb76, org.springframework.security.web.context.SecurityContextPersistenceFilter@6cd470ef, org.springframework.security.web.header.HeaderWriterFilter@3fe1f401, org.springframework.security.web.csrf.CsrfFilter@6994aff3, org.springframework.security.web.authentication.logout.LogoutFilter@3db198b6, org.springframework.security.web.authentication.UsernamePasswordAuthenticationFilter@5b728994, org.springframework.security.web.authentication.ui.DefaultLoginPageGeneratingFilter@4fb30bc0, org.springframework.security.web.authentication.ui.DefaultLogoutPageGeneratingFilter@58aa140c, org.springframework.security.web.authentication.www.BasicAuthenticationFilter@1940ba49, org.springframework.security.web.savedrequest.RequestCacheAwareFilter@3dbf68ed, org.springframework.security.web.servletapi.SecurityContextHolderAwareRequestFilter@dcec2a7, org.springframework.security.web.authentication.AnonymousAuthenticationFilter@44a47fa2, org.springframework.security.web.session.SessionManagementFilter@73462f39, org.springframework.security.web.access.ExceptionTranslationFilter@49031737, org.springframework.security.web.access.intercept.FilterSecurityInterceptor@6a86f03e]
2021-12-04 21:26:24.697  INFO 354 --- [    Test worker] o.s.b.t.m.w.SpringBootMockServletContext : Initializing Spring TestDispatcherServlet ''
2021-12-04 21:26:24.698  INFO 354 --- [    Test worker] o.s.t.web.servlet.TestDispatcherServlet  : Initializing Servlet ''
2021-12-04 21:26:24.731  INFO 354 --- [    Test worker] o.s.t.web.servlet.TestDispatcherServlet  : Completed initialization in 33 ms
2021-12-04 21:26:24.782  INFO 354 --- [    Test worker] c.i.b.s.web.HelloControllerTest          : Started HelloControllerTest in 1.692 seconds (JVM running for 16.941)
]]></system-out>
  <system-err><![CDATA[]]></system-err>
</testsuite>
