<?xml version="1.0" encoding="UTF-8"?>
<testsuite name="com.isntkyu.book.springboot.web.HelloControllerTest" tests="2" skipped="0" failures="0" errors="0" timestamp="2021-12-12T06:14:15" hostname="ip-172-31-45-180.ap-northeast-2.compute.internal" time="0.321">
  <properties/>
  <testcase name="hello가_리턴된다" classname="com.isntkyu.book.springboot.web.HelloControllerTest" time="0.14"/>
  <testcase name="helloDto가_리턴된다" classname="com.isntkyu.book.springboot.web.HelloControllerTest" time="0.179"/>
  <system-out><![CDATA[2021-12-12 15:14:13.356  INFO 31262 --- [    Test worker] .b.t.a.w.s.WebMvcTestContextBootstrapper : Neither @ContextConfiguration nor @ContextHierarchy found for test class [com.isntkyu.book.springboot.web.HelloControllerTest], using SpringBootContextLoader
2021-12-12 15:14:13.358  INFO 31262 --- [    Test worker] o.s.t.c.support.AbstractContextLoader    : Could not detect default resource locations for test class [com.isntkyu.book.springboot.web.HelloControllerTest]: no resource found for suffixes {-context.xml, Context.groovy}.
2021-12-12 15:14:13.359  INFO 31262 --- [    Test worker] t.c.s.AnnotationConfigContextLoaderUtils : Could not detect default configuration classes for test class [com.isntkyu.book.springboot.web.HelloControllerTest]: HelloControllerTest does not declare any static, non-private, non-final, nested classes annotated with @Configuration.
2021-12-12 15:14:13.419  INFO 31262 --- [    Test worker] .b.t.c.SpringBootTestContextBootstrapper : Found @SpringBootConfiguration com.isntkyu.book.springboot.Application for test class com.isntkyu.book.springboot.web.HelloControllerTest
2021-12-12 15:14:13.423  INFO 31262 --- [    Test worker] .b.t.a.w.s.WebMvcTestContextBootstrapper : Loaded default TestExecutionListener class names from location [META-INF/spring.factories]: [org.springframework.security.test.context.support.WithSecurityContextTestExecutionListener, org.springframework.security.test.context.support.ReactorContextTestExecutionListener, org.springframework.boot.test.autoconfigure.restdocs.RestDocsTestExecutionListener, org.springframework.boot.test.autoconfigure.web.client.MockRestServiceServerResetTestExecutionListener, org.springframework.boot.test.autoconfigure.web.servlet.MockMvcPrintOnlyOnFailureTestExecutionListener, org.springframework.boot.test.autoconfigure.web.servlet.WebDriverTestExecutionListener, org.springframework.boot.test.mock.mockito.MockitoTestExecutionListener, org.springframework.boot.test.mock.mockito.ResetMocksTestExecutionListener, org.springframework.test.context.web.ServletTestExecutionListener, org.springframework.test.context.support.DirtiesContextBeforeModesTestExecutionListener, org.springframework.test.context.support.DependencyInjectionTestExecutionListener, org.springframework.test.context.support.DirtiesContextTestExecutionListener, org.springframework.test.context.transaction.TransactionalTestExecutionListener, org.springframework.test.context.jdbc.SqlScriptsTestExecutionListener]
2021-12-12 15:14:13.425  INFO 31262 --- [    Test worker] .b.t.a.w.s.WebMvcTestContextBootstrapper : Using TestExecutionListeners: [org.springframework.test.context.web.ServletTestExecutionListener@778a2ae4, org.springframework.test.context.support.DirtiesContextBeforeModesTestExecutionListener@7a8a17bb, org.springframework.boot.test.mock.mockito.MockitoTestExecutionListener@57cbf85d, org.springframework.boot.test.autoconfigure.SpringBootDependencyInjectionTestExecutionListener@22e3c1c8, org.springframework.test.context.support.DirtiesContextTestExecutionListener@498027a, org.springframework.test.context.transaction.TransactionalTestExecutionListener@2e85fa9d, org.springframework.test.context.jdbc.SqlScriptsTestExecutionListener@2684e600, org.springframework.security.test.context.support.WithSecurityContextTestExecutionListener@1ad58e99, org.springframework.security.test.context.support.ReactorContextTestExecutionListener@5e9ac46b, org.springframework.boot.test.autoconfigure.restdocs.RestDocsTestExecutionListener@5fca8c37, org.springframework.boot.test.autoconfigure.web.client.MockRestServiceServerResetTestExecutionListener@5e7fd528, org.springframework.boot.test.autoconfigure.web.servlet.MockMvcPrintOnlyOnFailureTestExecutionListener@68e83938, org.springframework.boot.test.autoconfigure.web.servlet.WebDriverTestExecutionListener@60d911d2, org.springframework.boot.test.mock.mockito.ResetMocksTestExecutionListener@6b7992ca]

  .   ____          _            __ _ _
 /\\ / ___'_ __ _ _(_)_ __  __ _ \ \ \ \
( ( )\___ | '_ | '_| | '_ \/ _` | \ \ \ \
 \\/  ___)| |_)| | | | | || (_| |  ) ) ) )
  '  |____| .__|_| |_|_| |_\__, | / / / /
 =========|_|==============|___/=/_/_/_/
 :: Spring Boot ::        (v2.1.7.RELEASE)

2021-12-12 15:14:13.496  INFO 31262 --- [    Test worker] c.i.b.s.web.HelloControllerTest          : Starting HelloControllerTest on ip-172-31-45-180.ap-northeast-2.compute.internal with PID 31262 (started by ec2-user in /home/ec2-user/app/step1/springboot_webservice)
2021-12-12 15:14:13.498  INFO 31262 --- [    Test worker] c.i.b.s.web.HelloControllerTest          : No active profile set, falling back to default profiles: default
2021-12-12 15:14:14.342  INFO 31262 --- [    Test worker] o.s.s.concurrent.ThreadPoolTaskExecutor  : Initializing ExecutorService 'applicationTaskExecutor'
2021-12-12 15:14:14.411  INFO 31262 --- [    Test worker] o.s.b.a.w.s.WelcomePageHandlerMapping    : Adding welcome page template: index
2021-12-12 15:14:14.910  INFO 31262 --- [    Test worker] .s.s.UserDetailsServiceAutoConfiguration : 

Using generated security password: c246aefe-36e7-4d65-8376-6b427aeecc78

2021-12-12 15:14:15.147  INFO 31262 --- [    Test worker] o.s.s.web.DefaultSecurityFilterChain     : Creating filter chain: any request, [org.springframework.security.web.context.request.async.WebAsyncManagerIntegrationFilter@8e820e7, org.springframework.security.web.context.SecurityContextPersistenceFilter@29be25bd, org.springframework.security.web.header.HeaderWriterFilter@343eff0f, org.springframework.security.web.csrf.CsrfFilter@11f4dd28, org.springframework.security.web.authentication.logout.LogoutFilter@59ff5fb6, org.springframework.security.web.authentication.UsernamePasswordAuthenticationFilter@64783ac6, org.springframework.security.web.authentication.ui.DefaultLoginPageGeneratingFilter@68dfb8de, org.springframework.security.web.authentication.ui.DefaultLogoutPageGeneratingFilter@5ef52fe0, org.springframework.security.web.authentication.www.BasicAuthenticationFilter@5a2e86f7, org.springframework.security.web.savedrequest.RequestCacheAwareFilter@b27ad9a, org.springframework.security.web.servletapi.SecurityContextHolderAwareRequestFilter@48a2ed76, org.springframework.security.web.authentication.AnonymousAuthenticationFilter@70c213f7, org.springframework.security.web.session.SessionManagementFilter@394693d, org.springframework.security.web.access.ExceptionTranslationFilter@528e16b6, org.springframework.security.web.access.intercept.FilterSecurityInterceptor@30778a3a]
2021-12-12 15:14:15.217  INFO 31262 --- [    Test worker] o.s.b.t.m.w.SpringBootMockServletContext : Initializing Spring TestDispatcherServlet ''
2021-12-12 15:14:15.218  INFO 31262 --- [    Test worker] o.s.t.web.servlet.TestDispatcherServlet  : Initializing Servlet ''
2021-12-12 15:14:15.235  INFO 31262 --- [    Test worker] o.s.t.web.servlet.TestDispatcherServlet  : Completed initialization in 16 ms
2021-12-12 15:14:15.303  INFO 31262 --- [    Test worker] c.i.b.s.web.HelloControllerTest          : Started HelloControllerTest in 1.866 seconds (JVM running for 17.818)
]]></system-out>
  <system-err><![CDATA[]]></system-err>
</testsuite>
