<?xml version="1.0" encoding="UTF-8"?>
<testsuite name="com.isntkyu.book.springboot.domain.posts.PostsRepositoryTest" tests="2" skipped="0" failures="0" errors="0" timestamp="2021-11-11T14:08:53" hostname="ijungyuui-MacBookPro.local" time="0.025">
  <properties/>
  <testcase name="게시글저장_불러오기" classname="com.isntkyu.book.springboot.domain.posts.PostsRepositoryTest" time="0.017"/>
  <testcase name="BaseTimeEntity_등록" classname="com.isntkyu.book.springboot.domain.posts.PostsRepositoryTest" time="0.008"/>
  <system-out><![CDATA[2021-11-11 23:08:52.543  INFO 89108 --- [    Test worker] .b.t.c.SpringBootTestContextBootstrapper : Neither @ContextConfiguration nor @ContextHierarchy found for test class [com.isntkyu.book.springboot.domain.posts.PostsRepositoryTest], using SpringBootContextLoader
2021-11-11 23:08:52.543  INFO 89108 --- [    Test worker] o.s.t.c.support.AbstractContextLoader    : Could not detect default resource locations for test class [com.isntkyu.book.springboot.domain.posts.PostsRepositoryTest]: no resource found for suffixes {-context.xml, Context.groovy}.
2021-11-11 23:08:52.544  INFO 89108 --- [    Test worker] t.c.s.AnnotationConfigContextLoaderUtils : Could not detect default configuration classes for test class [com.isntkyu.book.springboot.domain.posts.PostsRepositoryTest]: PostsRepositoryTest does not declare any static, non-private, non-final, nested classes annotated with @Configuration.
2021-11-11 23:08:52.549  INFO 89108 --- [    Test worker] .b.t.c.SpringBootTestContextBootstrapper : Found @SpringBootConfiguration com.isntkyu.book.springboot.Application for test class com.isntkyu.book.springboot.domain.posts.PostsRepositoryTest
2021-11-11 23:08:52.550  INFO 89108 --- [    Test worker] .b.t.c.SpringBootTestContextBootstrapper : Loaded default TestExecutionListener class names from location [META-INF/spring.factories]: [org.springframework.security.test.context.support.WithSecurityContextTestExecutionListener, org.springframework.security.test.context.support.ReactorContextTestExecutionListener, org.springframework.boot.test.autoconfigure.restdocs.RestDocsTestExecutionListener, org.springframework.boot.test.autoconfigure.web.client.MockRestServiceServerResetTestExecutionListener, org.springframework.boot.test.autoconfigure.web.servlet.MockMvcPrintOnlyOnFailureTestExecutionListener, org.springframework.boot.test.autoconfigure.web.servlet.WebDriverTestExecutionListener, org.springframework.boot.test.mock.mockito.MockitoTestExecutionListener, org.springframework.boot.test.mock.mockito.ResetMocksTestExecutionListener, org.springframework.test.context.web.ServletTestExecutionListener, org.springframework.test.context.support.DirtiesContextBeforeModesTestExecutionListener, org.springframework.test.context.support.DependencyInjectionTestExecutionListener, org.springframework.test.context.support.DirtiesContextTestExecutionListener, org.springframework.test.context.transaction.TransactionalTestExecutionListener, org.springframework.test.context.jdbc.SqlScriptsTestExecutionListener]
2021-11-11 23:08:52.551  INFO 89108 --- [    Test worker] .b.t.c.SpringBootTestContextBootstrapper : Using TestExecutionListeners: [org.springframework.test.context.web.ServletTestExecutionListener@6c66f903, org.springframework.test.context.support.DirtiesContextBeforeModesTestExecutionListener@4c273a11, org.springframework.boot.test.mock.mockito.MockitoTestExecutionListener@60ba8b9a, org.springframework.boot.test.autoconfigure.SpringBootDependencyInjectionTestExecutionListener@675375a7, org.springframework.test.context.support.DirtiesContextTestExecutionListener@3ca626af, org.springframework.test.context.transaction.TransactionalTestExecutionListener@49a47498, org.springframework.test.context.jdbc.SqlScriptsTestExecutionListener@7df6c06d, org.springframework.security.test.context.support.WithSecurityContextTestExecutionListener@1746c39, org.springframework.security.test.context.support.ReactorContextTestExecutionListener@c6ab1e6, org.springframework.boot.test.autoconfigure.restdocs.RestDocsTestExecutionListener@66000447, org.springframework.boot.test.autoconfigure.web.client.MockRestServiceServerResetTestExecutionListener@2dbe5542, org.springframework.boot.test.autoconfigure.web.servlet.MockMvcPrintOnlyOnFailureTestExecutionListener@f89e168, org.springframework.boot.test.autoconfigure.web.servlet.WebDriverTestExecutionListener@563584fe, org.springframework.boot.test.mock.mockito.ResetMocksTestExecutionListener@30719043]

  .   ____          _            __ _ _
 /\\ / ___'_ __ _ _(_)_ __  __ _ \ \ \ \
( ( )\___ | '_ | '_| | '_ \/ _` | \ \ \ \
 \\/  ___)| |_)| | | | | || (_| |  ) ) ) )
  '  |____| .__|_| |_|_| |_\__, | / / / /
 =========|_|==============|___/=/_/_/_/
 :: Spring Boot ::        (v2.1.7.RELEASE)

2021-11-11 23:08:52.580  INFO 89108 --- [    Test worker] c.i.b.s.d.posts.PostsRepositoryTest      : Starting PostsRepositoryTest on ijungyuui-MacBookPro.local with PID 89108 (started by leejungyu in /Users/leejungyu/IdeaProjects/springboot_webservice)
2021-11-11 23:08:52.581  INFO 89108 --- [    Test worker] c.i.b.s.d.posts.PostsRepositoryTest      : No active profile set, falling back to default profiles: default
2021-11-11 23:08:52.750  INFO 89108 --- [    Test worker] .s.d.r.c.RepositoryConfigurationDelegate : Bootstrapping Spring Data repositories in DEFAULT mode.
2021-11-11 23:08:52.765  INFO 89108 --- [    Test worker] .s.d.r.c.RepositoryConfigurationDelegate : Finished Spring Data repository scanning in 15ms. Found 2 repository interfaces.
2021-11-11 23:08:52.893  INFO 89108 --- [    Test worker] trationDelegate$BeanPostProcessorChecker : Bean 'org.springframework.transaction.annotation.ProxyTransactionManagementConfiguration' of type [org.springframework.transaction.annotation.ProxyTransactionManagementConfiguration$$EnhancerBySpringCGLIB$$ff08e21a] is not eligible for getting processed by all BeanPostProcessors (for example: not eligible for auto-proxying)
2021-11-11 23:08:52.960  INFO 89108 --- [    Test worker] com.zaxxer.hikari.HikariDataSource       : HikariPool-2 - Starting...
2021-11-11 23:08:52.961  INFO 89108 --- [    Test worker] com.zaxxer.hikari.HikariDataSource       : HikariPool-2 - Start completed.
2021-11-11 23:08:52.977  INFO 89108 --- [    Test worker] o.hibernate.jpa.internal.util.LogHelper  : HHH000204: Processing PersistenceUnitInfo [
	name: default
	...]
2021-11-11 23:08:52.984  INFO 89108 --- [    Test worker] org.hibernate.dialect.Dialect            : HHH000400: Using dialect: org.hibernate.dialect.MySQL5InnoDBDialect
Hibernate: drop table if exists posts
Hibernate: drop table if exists user
Hibernate: create table posts (id bigint not null auto_increment, created_date datetime, modified_date datetime, author varchar(255), content TEXT not null, title varchar(500) not null, primary key (id)) engine=InnoDB
Hibernate: create table user (id bigint not null auto_increment, created_date datetime, modified_date datetime, email varchar(255) not null, name varchar(255) not null, picture varchar(255), role varchar(255) not null, primary key (id)) engine=InnoDB
2021-11-11 23:08:53.026  INFO 89108 --- [    Test worker] o.h.t.schema.internal.SchemaCreatorImpl  : HHH000476: Executing import script 'org.hibernate.tool.schema.internal.exec.ScriptSourceInputNonExistentImpl@1ad386aa'
2021-11-11 23:08:53.026  INFO 89108 --- [    Test worker] j.LocalContainerEntityManagerFactoryBean : Initialized JPA EntityManagerFactory for persistence unit 'default'
2021-11-11 23:08:53.164  INFO 89108 --- [    Test worker] o.h.h.i.QueryTranslatorFactoryInitiator  : HHH000397: Using ASTQueryTranslatorFactory
2021-11-11 23:08:53.272  INFO 89108 --- [    Test worker] o.s.s.web.DefaultSecurityFilterChain     : Creating filter chain: any request, [org.springframework.security.web.context.request.async.WebAsyncManagerIntegrationFilter@4ea320e6, org.springframework.security.web.context.SecurityContextPersistenceFilter@77fcccae, org.springframework.security.web.header.HeaderWriterFilter@7882284e, org.springframework.security.web.authentication.logout.LogoutFilter@f138790, org.springframework.security.oauth2.client.web.OAuth2AuthorizationRequestRedirectFilter@7fbe8861, org.springframework.security.oauth2.client.web.OAuth2LoginAuthenticationFilter@5adcd1e3, org.springframework.security.web.authentication.ui.DefaultLoginPageGeneratingFilter@1e9ba151, org.springframework.security.web.authentication.ui.DefaultLogoutPageGeneratingFilter@641686f5, org.springframework.security.web.savedrequest.RequestCacheAwareFilter@1cbe47b5, org.springframework.security.web.servletapi.SecurityContextHolderAwareRequestFilter@7517cc34, org.springframework.security.web.authentication.AnonymousAuthenticationFilter@6fe0e796, org.springframework.security.web.session.SessionManagementFilter@67018cd3, org.springframework.security.web.access.ExceptionTranslationFilter@30cb7c58, org.springframework.security.web.access.intercept.FilterSecurityInterceptor@4a5c0877]
2021-11-11 23:08:53.471  INFO 89108 --- [    Test worker] o.s.s.concurrent.ThreadPoolTaskExecutor  : Initializing ExecutorService 'applicationTaskExecutor'
2021-11-11 23:08:53.483  WARN 89108 --- [    Test worker] aWebConfiguration$JpaWebMvcConfiguration : spring.jpa.open-in-view is enabled by default. Therefore, database queries may be performed during view rendering. Explicitly configure spring.jpa.open-in-view to disable this warning
2021-11-11 23:08:53.505  INFO 89108 --- [    Test worker] o.s.b.a.w.s.WelcomePageHandlerMapping    : Adding welcome page template: index
2021-11-11 23:08:53.814  INFO 89108 --- [    Test worker] s.a.ScheduledAnnotationBeanPostProcessor : No TaskScheduler/ScheduledExecutorService bean found for scheduled processing
2021-11-11 23:08:53.816  INFO 89108 --- [    Test worker] c.i.b.s.d.posts.PostsRepositoryTest      : Started PostsRepositoryTest in 1.263 seconds (JVM running for 8.1)
Hibernate: insert into posts (created_date, modified_date, author, content, title) values (?, ?, ?, ?, ?)
Hibernate: select posts0_.id as id1_0_, posts0_.created_date as created_2_0_, posts0_.modified_date as modified3_0_, posts0_.author as author4_0_, posts0_.content as content5_0_, posts0_.title as title6_0_ from posts posts0_
Hibernate: select posts0_.id as id1_0_, posts0_.created_date as created_2_0_, posts0_.modified_date as modified3_0_, posts0_.author as author4_0_, posts0_.content as content5_0_, posts0_.title as title6_0_ from posts posts0_
Hibernate: delete from posts where id=?
Hibernate: insert into posts (created_date, modified_date, author, content, title) values (?, ?, ?, ?, ?)
Hibernate: select posts0_.id as id1_0_, posts0_.created_date as created_2_0_, posts0_.modified_date as modified3_0_, posts0_.author as author4_0_, posts0_.content as content5_0_, posts0_.title as title6_0_ from posts posts0_
>>>> createDate=2021-11-11T23:08:53.838, modifiedDate=2021-11-11T23:08:53.838
Hibernate: select posts0_.id as id1_0_, posts0_.created_date as created_2_0_, posts0_.modified_date as modified3_0_, posts0_.author as author4_0_, posts0_.content as content5_0_, posts0_.title as title6_0_ from posts posts0_
Hibernate: delete from posts where id=?
]]></system-out>
  <system-err><![CDATA[]]></system-err>
</testsuite>
