<?xml version="1.0" encoding="UTF-8"?>
<testsuite name="com.isntkyu.book.springboot.web.dto.HelloResponseDtoTest" tests="1" skipped="0" failures="0" errors="0" timestamp="2021-12-04T11:55:35" hostname="ijungyuui-MacBookPro.local" time="0.15">
  <properties/>
  <testcase name="롬복_기능_테스트" classname="com.isntkyu.book.springboot.web.dto.HelloResponseDtoTest" time="0.15"/>
  <system-out><![CDATA[]]></system-out>
  <system-err><![CDATA[]]></system-err>
</testsuite>
