<?xml version="1.0" encoding="UTF-8"?>
<testsuite name="com.isntkyu.book.springboot.web.IndexControllerTest" tests="1" skipped="0" failures="0" errors="0" timestamp="2021-12-04T12:26:29" hostname="ip-172-31-45-180.ap-northeast-2.compute.internal" time="0.367">
  <properties/>
  <testcase name="메인페이지_로딩" classname="com.isntkyu.book.springboot.web.IndexControllerTest" time="0.367"/>
  <system-out><![CDATA[2021-12-04 21:26:25.105  INFO 354 --- [    Test worker] .b.t.c.SpringBootTestContextBootstrapper : Neither @ContextConfiguration nor @ContextHierarchy found for test class [com.isntkyu.book.springboot.web.IndexControllerTest], using SpringBootContextLoader
2021-12-04 21:26:25.106  INFO 354 --- [    Test worker] o.s.t.c.support.AbstractContextLoader    : Could not detect default resource locations for test class [com.isntkyu.book.springboot.web.IndexControllerTest]: no resource found for suffixes {-context.xml, Context.groovy}.
2021-12-04 21:26:25.109  INFO 354 --- [    Test worker] t.c.s.AnnotationConfigContextLoaderUtils : Could not detect default configuration classes for test class [com.isntkyu.book.springboot.web.IndexControllerTest]: IndexControllerTest does not declare any static, non-private, non-final, nested classes annotated with @Configuration.
2021-12-04 21:26:25.110  INFO 354 --- [    Test worker] .b.t.c.SpringBootTestContextBootstrapper : Found @SpringBootConfiguration com.isntkyu.book.springboot.Application for test class com.isntkyu.book.springboot.web.IndexControllerTest
2021-12-04 21:26:25.112  INFO 354 --- [    Test worker] .b.t.c.SpringBootTestContextBootstrapper : Loaded default TestExecutionListener class names from location [META-INF/spring.factories]: [org.springframework.security.test.context.support.WithSecurityContextTestExecutionListener, org.springframework.security.test.context.support.ReactorContextTestExecutionListener, org.springframework.boot.test.autoconfigure.restdocs.RestDocsTestExecutionListener, org.springframework.boot.test.autoconfigure.web.client.MockRestServiceServerResetTestExecutionListener, org.springframework.boot.test.autoconfigure.web.servlet.MockMvcPrintOnlyOnFailureTestExecutionListener, org.springframework.boot.test.autoconfigure.web.servlet.WebDriverTestExecutionListener, org.springframework.boot.test.mock.mockito.MockitoTestExecutionListener, org.springframework.boot.test.mock.mockito.ResetMocksTestExecutionListener, org.springframework.test.context.web.ServletTestExecutionListener, org.springframework.test.context.support.DirtiesContextBeforeModesTestExecutionListener, org.springframework.test.context.support.DependencyInjectionTestExecutionListener, org.springframework.test.context.support.DirtiesContextTestExecutionListener, org.springframework.test.context.transaction.TransactionalTestExecutionListener, org.springframework.test.context.jdbc.SqlScriptsTestExecutionListener]
2021-12-04 21:26:25.113  INFO 354 --- [    Test worker] .b.t.c.SpringBootTestContextBootstrapper : Using TestExecutionListeners: [org.springframework.test.context.web.ServletTestExecutionListener@61363f6e, org.springframework.test.context.support.DirtiesContextBeforeModesTestExecutionListener@7ed2286e, org.springframework.boot.test.mock.mockito.MockitoTestExecutionListener@43679f1f, org.springframework.boot.test.autoconfigure.SpringBootDependencyInjectionTestExecutionListener@2e902594, org.springframework.test.context.support.DirtiesContextTestExecutionListener@7e8db267, org.springframework.test.context.transaction.TransactionalTestExecutionListener@11f37480, org.springframework.test.context.jdbc.SqlScriptsTestExecutionListener@6e139ec6, org.springframework.security.test.context.support.WithSecurityContextTestExecutionListener@4180ba15, org.springframework.security.test.context.support.ReactorContextTestExecutionListener@528d36c8, org.springframework.boot.test.autoconfigure.restdocs.RestDocsTestExecutionListener@58d00f6d, org.springframework.boot.test.autoconfigure.web.client.MockRestServiceServerResetTestExecutionListener@2a475f1f, org.springframework.boot.test.autoconfigure.web.servlet.MockMvcPrintOnlyOnFailureTestExecutionListener@6ed30850, org.springframework.boot.test.autoconfigure.web.servlet.WebDriverTestExecutionListener@55534834, org.springframework.boot.test.mock.mockito.ResetMocksTestExecutionListener@da09e94]

  .   ____          _            __ _ _
 /\\ / ___'_ __ _ _(_)_ __  __ _ \ \ \ \
( ( )\___ | '_ | '_| | '_ \/ _` | \ \ \ \
 \\/  ___)| |_)| | | | | || (_| |  ) ) ) )
  '  |____| .__|_| |_|_| |_\__, | / / / /
 =========|_|==============|___/=/_/_/_/
 :: Spring Boot ::        (v2.1.7.RELEASE)

2021-12-04 21:26:25.171  INFO 354 --- [    Test worker] c.i.b.s.web.IndexControllerTest          : Starting IndexControllerTest on ip-172-31-45-180.ap-northeast-2.compute.internal with PID 354 (started by ec2-user in /home/ec2-user/app/step1/springboot_webservice)
2021-12-04 21:26:25.174  INFO 354 --- [    Test worker] c.i.b.s.web.IndexControllerTest          : No active profile set, falling back to default profiles: default
2021-12-04 21:26:25.566  INFO 354 --- [    Test worker] .s.d.r.c.RepositoryConfigurationDelegate : Bootstrapping Spring Data repositories in DEFAULT mode.
2021-12-04 21:26:25.593  INFO 354 --- [    Test worker] .s.d.r.c.RepositoryConfigurationDelegate : Finished Spring Data repository scanning in 20ms. Found 2 repository interfaces.
2021-12-04 21:26:25.815  INFO 354 --- [    Test worker] trationDelegate$BeanPostProcessorChecker : Bean 'org.springframework.transaction.annotation.ProxyTransactionManagementConfiguration' of type [org.springframework.transaction.annotation.ProxyTransactionManagementConfiguration$$EnhancerBySpringCGLIB$$21072934] is not eligible for getting processed by all BeanPostProcessors (for example: not eligible for auto-proxying)
2021-12-04 21:26:26.312  INFO 354 --- [    Test worker] o.s.b.w.embedded.tomcat.TomcatWebServer  : Tomcat initialized with port(s): 0 (http)
2021-12-04 21:26:26.398  INFO 354 --- [    Test worker] o.apache.catalina.core.StandardService   : Starting service [Tomcat]
2021-12-04 21:26:26.399  INFO 354 --- [    Test worker] org.apache.catalina.core.StandardEngine  : Starting Servlet engine: [Apache Tomcat/9.0.22]
2021-12-04 21:26:26.904  INFO 354 --- [    Test worker] o.a.c.c.C.[Tomcat].[localhost].[/]       : Initializing Spring embedded WebApplicationContext
2021-12-04 21:26:26.905  INFO 354 --- [    Test worker] o.s.web.context.ContextLoader            : Root WebApplicationContext: initialization completed in 1729 ms
2021-12-04 21:26:27.208  INFO 354 --- [    Test worker] com.zaxxer.hikari.HikariDataSource       : HikariPool-2 - Starting...
2021-12-04 21:26:27.216  INFO 354 --- [    Test worker] com.zaxxer.hikari.HikariDataSource       : HikariPool-2 - Start completed.
2021-12-04 21:26:27.256  INFO 354 --- [    Test worker] o.hibernate.jpa.internal.util.LogHelper  : HHH000204: Processing PersistenceUnitInfo [
	name: default
	...]
2021-12-04 21:26:27.269  INFO 354 --- [    Test worker] org.hibernate.dialect.Dialect            : HHH000400: Using dialect: org.hibernate.dialect.MySQL5InnoDBDialect
Hibernate: drop table if exists posts
Hibernate: drop table if exists user
Hibernate: create table posts (id bigint not null auto_increment, created_date datetime, modified_date datetime, author varchar(255), content TEXT not null, title varchar(500) not null, primary key (id)) engine=InnoDB
Hibernate: create table user (id bigint not null auto_increment, created_date datetime, modified_date datetime, email varchar(255) not null, name varchar(255) not null, picture varchar(255), role varchar(255) not null, primary key (id)) engine=InnoDB
2021-12-04 21:26:27.432  INFO 354 --- [    Test worker] o.h.t.schema.internal.SchemaCreatorImpl  : HHH000476: Executing import script 'org.hibernate.tool.schema.internal.exec.ScriptSourceInputNonExistentImpl@7b1cb9d2'
2021-12-04 21:26:27.432  INFO 354 --- [    Test worker] j.LocalContainerEntityManagerFactoryBean : Initialized JPA EntityManagerFactory for persistence unit 'default'
2021-12-04 21:26:28.050  INFO 354 --- [    Test worker] o.h.h.i.QueryTranslatorFactoryInitiator  : HHH000397: Using ASTQueryTranslatorFactory
2021-12-04 21:26:28.326  INFO 354 --- [    Test worker] o.s.s.web.DefaultSecurityFilterChain     : Creating filter chain: any request, [org.springframework.security.web.context.request.async.WebAsyncManagerIntegrationFilter@31bc1ea7, org.springframework.security.web.context.SecurityContextPersistenceFilter@7c233920, org.springframework.security.web.header.HeaderWriterFilter@11ba0d22, org.springframework.security.web.authentication.logout.LogoutFilter@5a0f0278, org.springframework.security.oauth2.client.web.OAuth2AuthorizationRequestRedirectFilter@74fd4e0f, org.springframework.security.oauth2.client.web.OAuth2LoginAuthenticationFilter@36adc5c3, org.springframework.security.web.authentication.ui.DefaultLoginPageGeneratingFilter@3f00d681, org.springframework.security.web.authentication.ui.DefaultLogoutPageGeneratingFilter@5fbb2511, org.springframework.security.web.savedrequest.RequestCacheAwareFilter@7900c159, org.springframework.security.web.servletapi.SecurityContextHolderAwareRequestFilter@38920046, org.springframework.security.web.authentication.AnonymousAuthenticationFilter@412895df, org.springframework.security.web.session.SessionManagementFilter@9f1cc91, org.springframework.security.web.access.ExceptionTranslationFilter@58aba1bc, org.springframework.security.web.access.intercept.FilterSecurityInterceptor@118ffcd5]
2021-12-04 21:26:28.686  INFO 354 --- [    Test worker] o.s.s.concurrent.ThreadPoolTaskExecutor  : Initializing ExecutorService 'applicationTaskExecutor'
2021-12-04 21:26:28.717  WARN 354 --- [    Test worker] aWebConfiguration$JpaWebMvcConfiguration : spring.jpa.open-in-view is enabled by default. Therefore, database queries may be performed during view rendering. Explicitly configure spring.jpa.open-in-view to disable this warning
2021-12-04 21:26:28.769  INFO 354 --- [    Test worker] o.s.b.a.w.s.WelcomePageHandlerMapping    : Adding welcome page template: index
2021-12-04 21:26:29.245  INFO 354 --- [    Test worker] s.a.ScheduledAnnotationBeanPostProcessor : No TaskScheduler/ScheduledExecutorService bean found for scheduled processing
2021-12-04 21:26:29.298  INFO 354 --- [    Test worker] o.s.b.w.embedded.tomcat.TomcatWebServer  : Tomcat started on port(s): 44091 (http) with context path ''
2021-12-04 21:26:29.304  INFO 354 --- [    Test worker] c.i.b.s.web.IndexControllerTest          : Started IndexControllerTest in 4.182 seconds (JVM running for 21.463)
2021-12-04 21:26:29.499  INFO 354 --- [o-auto-1-exec-1] o.a.c.c.C.[Tomcat].[localhost].[/]       : Initializing Spring DispatcherServlet 'dispatcherServlet'
2021-12-04 21:26:29.501  INFO 354 --- [o-auto-1-exec-1] o.s.web.servlet.DispatcherServlet        : Initializing Servlet 'dispatcherServlet'
2021-12-04 21:26:29.527  INFO 354 --- [o-auto-1-exec-1] o.s.web.servlet.DispatcherServlet        : Completed initialization in 21 ms
Hibernate: select posts0_.id as id1_0_, posts0_.created_date as created_2_0_, posts0_.modified_date as modified3_0_, posts0_.author as author4_0_, posts0_.content as content5_0_, posts0_.title as title6_0_ from posts posts0_ order by posts0_.id desc
]]></system-out>
  <system-err><![CDATA[]]></system-err>
</testsuite>
