<?xml version="1.0" encoding="UTF-8"?>
<testsuite name="com.isntkyu.book.springboot.web.HelloControllerTest" tests="2" skipped="0" failures="0" errors="0" timestamp="2021-12-04T11:55:54" hostname="ijungyuui-MacBookPro.local" time="0.345">
  <properties/>
  <testcase name="hello가_리턴된다" classname="com.isntkyu.book.springboot.web.HelloControllerTest" time="0.28"/>
  <testcase name="helloDto가_리턴된다" classname="com.isntkyu.book.springboot.web.HelloControllerTest" time="0.064"/>
  <system-out><![CDATA[20:55:36.145 [Test worker] DEBUG org.springframework.test.context.junit4.SpringJUnit4ClassRunner - SpringJUnit4ClassRunner constructor called with [class com.isntkyu.book.springboot.web.HelloControllerTest]
20:55:36.150 [Test worker] DEBUG org.springframework.test.context.BootstrapUtils - Instantiating CacheAwareContextLoaderDelegate from class [org.springframework.test.context.cache.DefaultCacheAwareContextLoaderDelegate]
20:55:36.169 [Test worker] DEBUG org.springframework.test.context.BootstrapUtils - Instantiating BootstrapContext using constructor [public org.springframework.test.context.support.DefaultBootstrapContext(java.lang.Class,org.springframework.test.context.CacheAwareContextLoaderDelegate)]
20:55:36.189 [Test worker] DEBUG org.springframework.test.context.BootstrapUtils - Instantiating TestContextBootstrapper for test class [com.isntkyu.book.springboot.web.HelloControllerTest] from class [org.springframework.boot.test.autoconfigure.web.servlet.WebMvcTestContextBootstrapper]
20:55:36.258 [Test worker] INFO org.springframework.boot.test.autoconfigure.web.servlet.WebMvcTestContextBootstrapper - Neither @ContextConfiguration nor @ContextHierarchy found for test class [com.isntkyu.book.springboot.web.HelloControllerTest], using SpringBootContextLoader
20:55:36.266 [Test worker] DEBUG org.springframework.test.context.support.AbstractContextLoader - Did not detect default resource location for test class [com.isntkyu.book.springboot.web.HelloControllerTest]: class path resource [com/isntkyu/book/springboot/web/HelloControllerTest-context.xml] does not exist
20:55:36.267 [Test worker] DEBUG org.springframework.test.context.support.AbstractContextLoader - Did not detect default resource location for test class [com.isntkyu.book.springboot.web.HelloControllerTest]: class path resource [com/isntkyu/book/springboot/web/HelloControllerTestContext.groovy] does not exist
20:55:36.267 [Test worker] INFO org.springframework.test.context.support.AbstractContextLoader - Could not detect default resource locations for test class [com.isntkyu.book.springboot.web.HelloControllerTest]: no resource found for suffixes {-context.xml, Context.groovy}.
20:55:36.270 [Test worker] INFO org.springframework.test.context.support.AnnotationConfigContextLoaderUtils - Could not detect default configuration classes for test class [com.isntkyu.book.springboot.web.HelloControllerTest]: HelloControllerTest does not declare any static, non-private, non-final, nested classes annotated with @Configuration.
20:55:36.414 [Test worker] DEBUG org.springframework.test.context.support.ActiveProfilesUtils - Could not find an 'annotation declaring class' for annotation type [org.springframework.test.context.ActiveProfiles] and class [com.isntkyu.book.springboot.web.HelloControllerTest]
20:55:36.547 [Test worker] DEBUG org.springframework.context.annotation.ClassPathScanningCandidateComponentProvider - Identified candidate component class: file [/Users/leejungyu/IdeaProjects/springboot_webservice/build/classes/java/main/com/isntkyu/book/springboot/Application.class]
20:55:36.548 [Test worker] INFO org.springframework.boot.test.context.SpringBootTestContextBootstrapper - Found @SpringBootConfiguration com.isntkyu.book.springboot.Application for test class com.isntkyu.book.springboot.web.HelloControllerTest
20:55:36.550 [Test worker] DEBUG org.springframework.boot.test.autoconfigure.web.servlet.WebMvcTestContextBootstrapper - @TestExecutionListeners is not present for class [com.isntkyu.book.springboot.web.HelloControllerTest]: using defaults.
20:55:36.551 [Test worker] INFO org.springframework.boot.test.autoconfigure.web.servlet.WebMvcTestContextBootstrapper - Loaded default TestExecutionListener class names from location [META-INF/spring.factories]: [org.springframework.security.test.context.support.WithSecurityContextTestExecutionListener, org.springframework.security.test.context.support.ReactorContextTestExecutionListener, org.springframework.boot.test.autoconfigure.restdocs.RestDocsTestExecutionListener, org.springframework.boot.test.autoconfigure.web.client.MockRestServiceServerResetTestExecutionListener, org.springframework.boot.test.autoconfigure.web.servlet.MockMvcPrintOnlyOnFailureTestExecutionListener, org.springframework.boot.test.autoconfigure.web.servlet.WebDriverTestExecutionListener, org.springframework.boot.test.mock.mockito.MockitoTestExecutionListener, org.springframework.boot.test.mock.mockito.ResetMocksTestExecutionListener, org.springframework.test.context.web.ServletTestExecutionListener, org.springframework.test.context.support.DirtiesContextBeforeModesTestExecutionListener, org.springframework.test.context.support.DependencyInjectionTestExecutionListener, org.springframework.test.context.support.DirtiesContextTestExecutionListener, org.springframework.test.context.transaction.TransactionalTestExecutionListener, org.springframework.test.context.jdbc.SqlScriptsTestExecutionListener]
20:55:36.590 [Test worker] INFO org.springframework.boot.test.autoconfigure.web.servlet.WebMvcTestContextBootstrapper - Using TestExecutionListeners: [org.springframework.test.context.web.ServletTestExecutionListener@1191177e, org.springframework.test.context.support.DirtiesContextBeforeModesTestExecutionListener@427dd3b6, org.springframework.boot.test.mock.mockito.MockitoTestExecutionListener@5aa23713, org.springframework.boot.test.autoconfigure.SpringBootDependencyInjectionTestExecutionListener@31f6f274, org.springframework.test.context.support.DirtiesContextTestExecutionListener@284539d3, org.springframework.test.context.transaction.TransactionalTestExecutionListener@489af0e, org.springframework.test.context.jdbc.SqlScriptsTestExecutionListener@4f580a23, org.springframework.security.test.context.support.WithSecurityContextTestExecutionListener@49bb34ee, org.springframework.security.test.context.support.ReactorContextTestExecutionListener@48b107ab, org.springframework.boot.test.autoconfigure.restdocs.RestDocsTestExecutionListener@189206c, org.springframework.boot.test.autoconfigure.web.client.MockRestServiceServerResetTestExecutionListener@e0f2b6c, org.springframework.boot.test.autoconfigure.web.servlet.MockMvcPrintOnlyOnFailureTestExecutionListener@1e037207, org.springframework.boot.test.autoconfigure.web.servlet.WebDriverTestExecutionListener@5e4fa233, org.springframework.boot.test.mock.mockito.ResetMocksTestExecutionListener@160d73d6]
20:55:36.596 [Test worker] DEBUG org.springframework.test.annotation.ProfileValueUtils - Retrieved @ProfileValueSourceConfiguration [null] for test class [com.isntkyu.book.springboot.web.HelloControllerTest]
20:55:36.596 [Test worker] DEBUG org.springframework.test.annotation.ProfileValueUtils - Retrieved ProfileValueSource type [class org.springframework.test.annotation.SystemProfileValueSource] for class [com.isntkyu.book.springboot.web.HelloControllerTest]
20:55:36.597 [Test worker] DEBUG org.springframework.test.annotation.ProfileValueUtils - Retrieved @ProfileValueSourceConfiguration [null] for test class [com.isntkyu.book.springboot.web.HelloControllerTest]
20:55:36.597 [Test worker] DEBUG org.springframework.test.annotation.ProfileValueUtils - Retrieved ProfileValueSource type [class org.springframework.test.annotation.SystemProfileValueSource] for class [com.isntkyu.book.springboot.web.HelloControllerTest]
20:55:36.603 [Test worker] DEBUG org.springframework.test.context.support.AbstractDirtiesContextTestExecutionListener - Before test class: context [DefaultTestContext@15c522d2 testClass = HelloControllerTest, testInstance = [null], testMethod = [null], testException = [null], mergedContextConfiguration = [WebMergedContextConfiguration@20b69fc2 testClass = HelloControllerTest, locations = '{}', classes = '{class com.isntkyu.book.springboot.Application}', contextInitializerClasses = '[]', activeProfiles = '{}', propertySourceLocations = '{}', propertySourceProperties = '{org.springframework.boot.test.autoconfigure.web.servlet.WebMvcTestContextBootstrapper=true}', contextCustomizers = set[org.springframework.boot.test.autoconfigure.OverrideAutoConfigurationContextCustomizerFactory$DisableAutoConfigurationContextCustomizer@2fabd2b, org.springframework.boot.test.autoconfigure.filter.TypeExcludeFiltersContextCustomizer@c7af6166, org.springframework.boot.test.autoconfigure.properties.PropertyMappingContextCustomizer@fbe1addd, org.springframework.boot.test.autoconfigure.web.servlet.WebDriverContextCustomizerFactory$Customizer@34bba9bd, [ImportsContextCustomizer@9dfc162 key = [org.springframework.boot.autoconfigure.cache.CacheAutoConfiguration, org.springframework.boot.autoconfigure.context.MessageSourceAutoConfiguration, org.springframework.boot.autoconfigure.data.web.SpringDataWebAutoConfiguration, org.springframework.boot.autoconfigure.freemarker.FreeMarkerAutoConfiguration, org.springframework.boot.autoconfigure.groovy.template.GroovyTemplateAutoConfiguration, org.springframework.boot.autoconfigure.gson.GsonAutoConfiguration, org.springframework.boot.autoconfigure.hateoas.HypermediaAutoConfiguration, org.springframework.boot.autoconfigure.http.HttpMessageConvertersAutoConfiguration, org.springframework.boot.autoconfigure.jackson.JacksonAutoConfiguration, org.springframework.boot.autoconfigure.jsonb.JsonbAutoConfiguration, org.springframework.boot.autoconfigure.mustache.MustacheAutoConfiguration, org.springframework.boot.autoconfigure.task.TaskExecutionAutoConfiguration, org.springframework.boot.autoconfigure.thymeleaf.ThymeleafAutoConfiguration, org.springframework.boot.autoconfigure.validation.ValidationAutoConfiguration, org.springframework.boot.autoconfigure.web.servlet.error.ErrorMvcAutoConfiguration, org.springframework.boot.autoconfigure.web.servlet.WebMvcAutoConfiguration, org.springframework.boot.test.autoconfigure.web.servlet.MockMvcAutoConfiguration, org.springframework.boot.test.autoconfigure.web.servlet.MockMvcSecurityAutoConfiguration, org.springframework.boot.test.autoconfigure.web.servlet.MockMvcWebClientAutoConfiguration, org.springframework.boot.test.autoconfigure.web.servlet.MockMvcWebDriverAutoConfiguration]], org.springframework.boot.test.context.filter.ExcludeFilterContextCustomizer@3a119e92, org.springframework.boot.test.json.DuplicateJsonObjectContextCustomizerFactory$DuplicateJsonObjectContextCustomizer@1de4b6f7, org.springframework.boot.test.mock.mockito.MockitoContextCustomizer@0], resourceBasePath = 'src/main/webapp', contextLoader = 'org.springframework.boot.test.context.SpringBootContextLoader', parent = [null]], attributes = map[[empty]]], class annotated with @DirtiesContext [false] with mode [null].
20:55:36.603 [Test worker] DEBUG org.springframework.test.annotation.ProfileValueUtils - Retrieved @ProfileValueSourceConfiguration [null] for test class [com.isntkyu.book.springboot.web.HelloControllerTest]
20:55:36.604 [Test worker] DEBUG org.springframework.test.annotation.ProfileValueUtils - Retrieved ProfileValueSource type [class org.springframework.test.annotation.SystemProfileValueSource] for class [com.isntkyu.book.springboot.web.HelloControllerTest]
20:55:36.614 [Test worker] DEBUG org.springframework.test.context.support.DependencyInjectionTestExecutionListener - Performing dependency injection for test context [[DefaultTestContext@15c522d2 testClass = HelloControllerTest, testInstance = com.isntkyu.book.springboot.web.HelloControllerTest@157f414b, testMethod = [null], testException = [null], mergedContextConfiguration = [WebMergedContextConfiguration@20b69fc2 testClass = HelloControllerTest, locations = '{}', classes = '{class com.isntkyu.book.springboot.Application}', contextInitializerClasses = '[]', activeProfiles = '{}', propertySourceLocations = '{}', propertySourceProperties = '{org.springframework.boot.test.autoconfigure.web.servlet.WebMvcTestContextBootstrapper=true}', contextCustomizers = set[org.springframework.boot.test.autoconfigure.OverrideAutoConfigurationContextCustomizerFactory$DisableAutoConfigurationContextCustomizer@2fabd2b, org.springframework.boot.test.autoconfigure.filter.TypeExcludeFiltersContextCustomizer@c7af6166, org.springframework.boot.test.autoconfigure.properties.PropertyMappingContextCustomizer@fbe1addd, org.springframework.boot.test.autoconfigure.web.servlet.WebDriverContextCustomizerFactory$Customizer@34bba9bd, [ImportsContextCustomizer@9dfc162 key = [org.springframework.boot.autoconfigure.cache.CacheAutoConfiguration, org.springframework.boot.autoconfigure.context.MessageSourceAutoConfiguration, org.springframework.boot.autoconfigure.data.web.SpringDataWebAutoConfiguration, org.springframework.boot.autoconfigure.freemarker.FreeMarkerAutoConfiguration, org.springframework.boot.autoconfigure.groovy.template.GroovyTemplateAutoConfiguration, org.springframework.boot.autoconfigure.gson.GsonAutoConfiguration, org.springframework.boot.autoconfigure.hateoas.HypermediaAutoConfiguration, org.springframework.boot.autoconfigure.http.HttpMessageConvertersAutoConfiguration, org.springframework.boot.autoconfigure.jackson.JacksonAutoConfiguration, org.springframework.boot.autoconfigure.jsonb.JsonbAutoConfiguration, org.springframework.boot.autoconfigure.mustache.MustacheAutoConfiguration, org.springframework.boot.autoconfigure.task.TaskExecutionAutoConfiguration, org.springframework.boot.autoconfigure.thymeleaf.ThymeleafAutoConfiguration, org.springframework.boot.autoconfigure.validation.ValidationAutoConfiguration, org.springframework.boot.autoconfigure.web.servlet.error.ErrorMvcAutoConfiguration, org.springframework.boot.autoconfigure.web.servlet.WebMvcAutoConfiguration, org.springframework.boot.test.autoconfigure.web.servlet.MockMvcAutoConfiguration, org.springframework.boot.test.autoconfigure.web.servlet.MockMvcSecurityAutoConfiguration, org.springframework.boot.test.autoconfigure.web.servlet.MockMvcWebClientAutoConfiguration, org.springframework.boot.test.autoconfigure.web.servlet.MockMvcWebDriverAutoConfiguration]], org.springframework.boot.test.context.filter.ExcludeFilterContextCustomizer@3a119e92, org.springframework.boot.test.json.DuplicateJsonObjectContextCustomizerFactory$DuplicateJsonObjectContextCustomizer@1de4b6f7, org.springframework.boot.test.mock.mockito.MockitoContextCustomizer@0], resourceBasePath = 'src/main/webapp', contextLoader = 'org.springframework.boot.test.context.SpringBootContextLoader', parent = [null]], attributes = map[[empty]]]].
20:55:36.861 [Test worker] DEBUG org.springframework.test.context.support.TestPropertySourceUtils - Adding inlined properties to environment: {spring.jmx.enabled=false, org.springframework.boot.test.autoconfigure.web.servlet.WebMvcTestContextBootstrapper=true, server.port=-1}

  .   ____          _            __ _ _
 /\\ / ___'_ __ _ _(_)_ __  __ _ \ \ \ \
( ( )\___ | '_ | '_| | '_ \/ _` | \ \ \ \
 \\/  ___)| |_)| | | | | || (_| |  ) ) ) )
  '  |____| .__|_| |_|_| |_\__, | / / / /
 =========|_|==============|___/=/_/_/_/
 :: Spring Boot ::        (v2.1.7.RELEASE)

2021-12-04 20:55:52.376  INFO 15751 --- [    Test worker] c.i.b.s.web.HelloControllerTest          : Starting HelloControllerTest on ijungyuui-MacBookPro.local with PID 15751 (started by leejungyu in /Users/leejungyu/IdeaProjects/springboot_webservice)
2021-12-04 20:55:52.383  INFO 15751 --- [    Test worker] c.i.b.s.web.HelloControllerTest          : No active profile set, falling back to default profiles: default
2021-12-04 20:55:53.546  INFO 15751 --- [    Test worker] o.s.s.concurrent.ThreadPoolTaskExecutor  : Initializing ExecutorService 'applicationTaskExecutor'
2021-12-04 20:55:53.639  INFO 15751 --- [    Test worker] o.s.b.a.w.s.WelcomePageHandlerMapping    : Adding welcome page template: index
2021-12-04 20:55:53.972  INFO 15751 --- [    Test worker] .s.s.UserDetailsServiceAutoConfiguration : 

Using generated security password: b337b82b-f76b-4a1e-8cbe-8970e8361a72

2021-12-04 20:55:54.165  INFO 15751 --- [    Test worker] o.s.s.web.DefaultSecurityFilterChain     : Creating filter chain: any request, [org.springframework.security.web.context.request.async.WebAsyncManagerIntegrationFilter@3ef8a6ec, org.springframework.security.web.context.SecurityContextPersistenceFilter@54321b8b, org.springframework.security.web.header.HeaderWriterFilter@58d8477d, org.springframework.security.web.csrf.CsrfFilter@2599d5d2, org.springframework.security.web.authentication.logout.LogoutFilter@70ef50be, org.springframework.security.web.authentication.UsernamePasswordAuthenticationFilter@3c30169, org.springframework.security.web.authentication.ui.DefaultLoginPageGeneratingFilter@3a0b6b7d, org.springframework.security.web.authentication.ui.DefaultLogoutPageGeneratingFilter@73c86a3d, org.springframework.security.web.authentication.www.BasicAuthenticationFilter@4c95b2b2, org.springframework.security.web.savedrequest.RequestCacheAwareFilter@29004fed, org.springframework.security.web.servletapi.SecurityContextHolderAwareRequestFilter@5f82aada, org.springframework.security.web.authentication.AnonymousAuthenticationFilter@25142f46, org.springframework.security.web.session.SessionManagementFilter@506ee718, org.springframework.security.web.access.ExceptionTranslationFilter@5083c300, org.springframework.security.web.access.intercept.FilterSecurityInterceptor@753b731f]
2021-12-04 20:55:54.221  INFO 15751 --- [    Test worker] o.s.b.t.m.w.SpringBootMockServletContext : Initializing Spring TestDispatcherServlet ''
2021-12-04 20:55:54.221  INFO 15751 --- [    Test worker] o.s.t.web.servlet.TestDispatcherServlet  : Initializing Servlet ''
2021-12-04 20:55:54.237  INFO 15751 --- [    Test worker] o.s.t.web.servlet.TestDispatcherServlet  : Completed initialization in 16 ms
2021-12-04 20:55:54.290  INFO 15751 --- [    Test worker] c.i.b.s.web.HelloControllerTest          : Started HelloControllerTest in 17.41 seconds (JVM running for 19.987)
]]></system-out>
  <system-err><![CDATA[]]></system-err>
</testsuite>
