<?xml version="1.0" encoding="UTF-8"?>
<testsuite name="com.isntkyu.book.springboot.web.PostsApiControllerTest" tests="2" skipped="0" failures="0" errors="0" timestamp="2021-12-04T12:26:29" hostname="ip-172-31-45-180.ap-northeast-2.compute.internal" time="0.247">
  <properties/>
  <testcase name="Posts_등록된다" classname="com.isntkyu.book.springboot.web.PostsApiControllerTest" time="0.163"/>
  <testcase name="Posts_수정된다" classname="com.isntkyu.book.springboot.web.PostsApiControllerTest" time="0.079"/>
  <system-out><![CDATA[2021-12-04 21:26:29.684  INFO 354 --- [    Test worker] .b.t.c.SpringBootTestContextBootstrapper : Neither @ContextConfiguration nor @ContextHierarchy found for test class [com.isntkyu.book.springboot.web.PostsApiControllerTest], using SpringBootContextLoader
2021-12-04 21:26:29.689  INFO 354 --- [    Test worker] o.s.t.c.support.AbstractContextLoader    : Could not detect default resource locations for test class [com.isntkyu.book.springboot.web.PostsApiControllerTest]: no resource found for suffixes {-context.xml, Context.groovy}.
2021-12-04 21:26:29.690  INFO 354 --- [    Test worker] t.c.s.AnnotationConfigContextLoaderUtils : Could not detect default configuration classes for test class [com.isntkyu.book.springboot.web.PostsApiControllerTest]: PostsApiControllerTest does not declare any static, non-private, non-final, nested classes annotated with @Configuration.
2021-12-04 21:26:29.695  INFO 354 --- [    Test worker] .b.t.c.SpringBootTestContextBootstrapper : Found @SpringBootConfiguration com.isntkyu.book.springboot.Application for test class com.isntkyu.book.springboot.web.PostsApiControllerTest
2021-12-04 21:26:29.701  INFO 354 --- [    Test worker] .b.t.c.SpringBootTestContextBootstrapper : Loaded default TestExecutionListener class names from location [META-INF/spring.factories]: [org.springframework.security.test.context.support.WithSecurityContextTestExecutionListener, org.springframework.security.test.context.support.ReactorContextTestExecutionListener, org.springframework.boot.test.autoconfigure.restdocs.RestDocsTestExecutionListener, org.springframework.boot.test.autoconfigure.web.client.MockRestServiceServerResetTestExecutionListener, org.springframework.boot.test.autoconfigure.web.servlet.MockMvcPrintOnlyOnFailureTestExecutionListener, org.springframework.boot.test.autoconfigure.web.servlet.WebDriverTestExecutionListener, org.springframework.boot.test.mock.mockito.MockitoTestExecutionListener, org.springframework.boot.test.mock.mockito.ResetMocksTestExecutionListener, org.springframework.test.context.web.ServletTestExecutionListener, org.springframework.test.context.support.DirtiesContextBeforeModesTestExecutionListener, org.springframework.test.context.support.DependencyInjectionTestExecutionListener, org.springframework.test.context.support.DirtiesContextTestExecutionListener, org.springframework.test.context.transaction.TransactionalTestExecutionListener, org.springframework.test.context.jdbc.SqlScriptsTestExecutionListener]
2021-12-04 21:26:29.702  INFO 354 --- [    Test worker] .b.t.c.SpringBootTestContextBootstrapper : Using TestExecutionListeners: [org.springframework.test.context.web.ServletTestExecutionListener@19584778, org.springframework.test.context.support.DirtiesContextBeforeModesTestExecutionListener@33ebdc13, org.springframework.boot.test.mock.mockito.MockitoTestExecutionListener@3bff0cc1, org.springframework.boot.test.autoconfigure.SpringBootDependencyInjectionTestExecutionListener@68f1a026, org.springframework.test.context.support.DirtiesContextTestExecutionListener@33c959c7, org.springframework.test.context.transaction.TransactionalTestExecutionListener@5e2f00e9, org.springframework.test.context.jdbc.SqlScriptsTestExecutionListener@1d7596e9, org.springframework.security.test.context.support.WithSecurityContextTestExecutionListener@78e0e5f1, org.springframework.security.test.context.support.ReactorContextTestExecutionListener@11e9c4b, org.springframework.boot.test.autoconfigure.restdocs.RestDocsTestExecutionListener@2710fcc9, org.springframework.boot.test.autoconfigure.web.client.MockRestServiceServerResetTestExecutionListener@16e3e41c, org.springframework.boot.test.autoconfigure.web.servlet.MockMvcPrintOnlyOnFailureTestExecutionListener@69d3445c, org.springframework.boot.test.autoconfigure.web.servlet.WebDriverTestExecutionListener@1cda61e9, org.springframework.boot.test.mock.mockito.ResetMocksTestExecutionListener@3c8c200f]
2021-12-04 21:26:29.715  INFO 354 --- [    Test worker] o.a.c.c.C.[Tomcat].[localhost].[/]       : Initializing Spring TestDispatcherServlet ''
2021-12-04 21:26:29.719  INFO 354 --- [    Test worker] o.s.t.web.servlet.TestDispatcherServlet  : Initializing Servlet ''
2021-12-04 21:26:29.729  INFO 354 --- [    Test worker] o.s.t.web.servlet.TestDispatcherServlet  : Completed initialization in 10 ms
Hibernate: insert into posts (created_date, modified_date, author, content, title) values (?, ?, ?, ?, ?)
Hibernate: select posts0_.id as id1_0_, posts0_.created_date as created_2_0_, posts0_.modified_date as modified3_0_, posts0_.author as author4_0_, posts0_.content as content5_0_, posts0_.title as title6_0_ from posts posts0_
Hibernate: select posts0_.id as id1_0_, posts0_.created_date as created_2_0_, posts0_.modified_date as modified3_0_, posts0_.author as author4_0_, posts0_.content as content5_0_, posts0_.title as title6_0_ from posts posts0_
Hibernate: delete from posts where id=?
2021-12-04 21:26:29.875  INFO 354 --- [    Test worker] o.a.c.c.C.[Tomcat].[localhost].[/]       : Initializing Spring TestDispatcherServlet ''
2021-12-04 21:26:29.881  INFO 354 --- [    Test worker] o.s.t.web.servlet.TestDispatcherServlet  : Initializing Servlet ''
2021-12-04 21:26:29.883  INFO 354 --- [    Test worker] o.s.t.web.servlet.TestDispatcherServlet  : Completed initialization in 2 ms
Hibernate: insert into posts (created_date, modified_date, author, content, title) values (?, ?, ?, ?, ?)
Hibernate: select posts0_.id as id1_0_0_, posts0_.created_date as created_2_0_0_, posts0_.modified_date as modified3_0_0_, posts0_.author as author4_0_0_, posts0_.content as content5_0_0_, posts0_.title as title6_0_0_ from posts posts0_ where posts0_.id=?
Hibernate: update posts set created_date=?, modified_date=?, author=?, content=?, title=? where id=?
Hibernate: select posts0_.id as id1_0_, posts0_.created_date as created_2_0_, posts0_.modified_date as modified3_0_, posts0_.author as author4_0_, posts0_.content as content5_0_, posts0_.title as title6_0_ from posts posts0_
Hibernate: select posts0_.id as id1_0_, posts0_.created_date as created_2_0_, posts0_.modified_date as modified3_0_, posts0_.author as author4_0_, posts0_.content as content5_0_, posts0_.title as title6_0_ from posts posts0_
Hibernate: delete from posts where id=?
]]></system-out>
  <system-err><![CDATA[]]></system-err>
</testsuite>
