<?xml version="1.0" encoding="UTF-8"?>
<testsuite name="com.isntkyu.book.springboot.web.IndexControllerTest" tests="1" skipped="0" failures="0" errors="0" timestamp="2021-11-09T13:03:57" hostname="ijungyuui-MacBookPro.local" time="0.39">
  <properties/>
  <testcase name="메인페이지_로딩" classname="com.isntkyu.book.springboot.web.IndexControllerTest" time="0.39"/>
  <system-out><![CDATA[2021-11-09 22:03:36.656  INFO 76291 --- [    Test worker] .b.t.c.SpringBootTestContextBootstrapper : Neither @ContextConfiguration nor @ContextHierarchy found for test class [com.isntkyu.book.springboot.web.IndexControllerTest], using SpringBootContextLoader
2021-11-09 22:03:36.657  INFO 76291 --- [    Test worker] o.s.t.c.support.AbstractContextLoader    : Could not detect default resource locations for test class [com.isntkyu.book.springboot.web.IndexControllerTest]: no resource found for suffixes {-context.xml, Context.groovy}.
2021-11-09 22:03:36.657  INFO 76291 --- [    Test worker] t.c.s.AnnotationConfigContextLoaderUtils : Could not detect default configuration classes for test class [com.isntkyu.book.springboot.web.IndexControllerTest]: IndexControllerTest does not declare any static, non-private, non-final, nested classes annotated with @Configuration.
2021-11-09 22:03:36.660  INFO 76291 --- [    Test worker] .b.t.c.SpringBootTestContextBootstrapper : Found @SpringBootConfiguration com.isntkyu.book.springboot.Application for test class com.isntkyu.book.springboot.web.IndexControllerTest
2021-11-09 22:03:36.668  INFO 76291 --- [    Test worker] .b.t.c.SpringBootTestContextBootstrapper : Loaded default TestExecutionListener class names from location [META-INF/spring.factories]: [org.springframework.security.test.context.support.WithSecurityContextTestExecutionListener, org.springframework.security.test.context.support.ReactorContextTestExecutionListener, org.springframework.boot.test.autoconfigure.restdocs.RestDocsTestExecutionListener, org.springframework.boot.test.autoconfigure.web.client.MockRestServiceServerResetTestExecutionListener, org.springframework.boot.test.autoconfigure.web.servlet.MockMvcPrintOnlyOnFailureTestExecutionListener, org.springframework.boot.test.autoconfigure.web.servlet.WebDriverTestExecutionListener, org.springframework.boot.test.mock.mockito.MockitoTestExecutionListener, org.springframework.boot.test.mock.mockito.ResetMocksTestExecutionListener, org.springframework.test.context.web.ServletTestExecutionListener, org.springframework.test.context.support.DirtiesContextBeforeModesTestExecutionListener, org.springframework.test.context.support.DependencyInjectionTestExecutionListener, org.springframework.test.context.support.DirtiesContextTestExecutionListener, org.springframework.test.context.transaction.TransactionalTestExecutionListener, org.springframework.test.context.jdbc.SqlScriptsTestExecutionListener]
2021-11-09 22:03:36.669  INFO 76291 --- [    Test worker] .b.t.c.SpringBootTestContextBootstrapper : Using TestExecutionListeners: [org.springframework.test.context.web.ServletTestExecutionListener@738d8f86, org.springframework.test.context.support.DirtiesContextBeforeModesTestExecutionListener@3467d699, org.springframework.boot.test.mock.mockito.MockitoTestExecutionListener@6cc877f2, org.springframework.boot.test.autoconfigure.SpringBootDependencyInjectionTestExecutionListener@70de8046, org.springframework.test.context.support.DirtiesContextTestExecutionListener@6fb0c064, org.springframework.test.context.transaction.TransactionalTestExecutionListener@65e91015, org.springframework.test.context.jdbc.SqlScriptsTestExecutionListener@4ab18cbd, org.springframework.security.test.context.support.WithSecurityContextTestExecutionListener@4ee9e91d, org.springframework.security.test.context.support.ReactorContextTestExecutionListener@2733a344, org.springframework.boot.test.autoconfigure.restdocs.RestDocsTestExecutionListener@a77660f, org.springframework.boot.test.autoconfigure.web.client.MockRestServiceServerResetTestExecutionListener@4c65c798, org.springframework.boot.test.autoconfigure.web.servlet.MockMvcPrintOnlyOnFailureTestExecutionListener@4d456e08, org.springframework.boot.test.autoconfigure.web.servlet.WebDriverTestExecutionListener@7756dd67, org.springframework.boot.test.mock.mockito.ResetMocksTestExecutionListener@46209a9c]

  .   ____          _            __ _ _
 /\\ / ___'_ __ _ _(_)_ __  __ _ \ \ \ \
( ( )\___ | '_ | '_| | '_ \/ _` | \ \ \ \
 \\/  ___)| |_)| | | | | || (_| |  ) ) ) )
  '  |____| .__|_| |_|_| |_\__, | / / / /
 =========|_|==============|___/=/_/_/_/
 :: Spring Boot ::        (v2.1.7.RELEASE)

2021-11-09 22:03:51.720  INFO 76291 --- [    Test worker] c.i.b.s.web.IndexControllerTest          : Starting IndexControllerTest on ijungyuui-MacBookPro.local with PID 76291 (started by leejungyu in /Users/leejungyu/IdeaProjects/springboot_webservice)
2021-11-09 22:03:51.721  INFO 76291 --- [    Test worker] c.i.b.s.web.IndexControllerTest          : No active profile set, falling back to default profiles: default
2021-11-09 22:03:52.262  INFO 76291 --- [    Test worker] .s.d.r.c.RepositoryConfigurationDelegate : Bootstrapping Spring Data repositories in DEFAULT mode.
2021-11-09 22:03:52.325  INFO 76291 --- [    Test worker] .s.d.r.c.RepositoryConfigurationDelegate : Finished Spring Data repository scanning in 52ms. Found 2 repository interfaces.
2021-11-09 22:03:52.685  INFO 76291 --- [    Test worker] trationDelegate$BeanPostProcessorChecker : Bean 'org.springframework.transaction.annotation.ProxyTransactionManagementConfiguration' of type [org.springframework.transaction.annotation.ProxyTransactionManagementConfiguration$$EnhancerBySpringCGLIB$$6304d1e3] is not eligible for getting processed by all BeanPostProcessors (for example: not eligible for auto-proxying)
2021-11-09 22:03:53.358  INFO 76291 --- [    Test worker] o.s.b.w.embedded.tomcat.TomcatWebServer  : Tomcat initialized with port(s): 0 (http)
2021-11-09 22:03:53.400  INFO 76291 --- [    Test worker] o.apache.catalina.core.StandardService   : Starting service [Tomcat]
2021-11-09 22:03:53.400  INFO 76291 --- [    Test worker] org.apache.catalina.core.StandardEngine  : Starting Servlet engine: [Apache Tomcat/9.0.22]
2021-11-09 22:03:53.558  INFO 76291 --- [    Test worker] o.a.c.c.C.[Tomcat].[localhost].[/]       : Initializing Spring embedded WebApplicationContext
2021-11-09 22:03:53.558  INFO 76291 --- [    Test worker] o.s.web.context.ContextLoader            : Root WebApplicationContext: initialization completed in 1832 ms
2021-11-09 22:03:53.843  INFO 76291 --- [    Test worker] com.zaxxer.hikari.HikariDataSource       : HikariPool-1 - Starting...
2021-11-09 22:03:54.123  INFO 76291 --- [    Test worker] com.zaxxer.hikari.HikariDataSource       : HikariPool-1 - Start completed.
2021-11-09 22:03:54.240  INFO 76291 --- [    Test worker] o.hibernate.jpa.internal.util.LogHelper  : HHH000204: Processing PersistenceUnitInfo [
	name: default
	...]
2021-11-09 22:03:54.341  INFO 76291 --- [    Test worker] org.hibernate.Version                    : HHH000412: Hibernate Core {5.3.10.Final}
2021-11-09 22:03:54.343  INFO 76291 --- [    Test worker] org.hibernate.cfg.Environment            : HHH000206: hibernate.properties not found
2021-11-09 22:03:54.615  INFO 76291 --- [    Test worker] o.hibernate.annotations.common.Version   : HCANN000001: Hibernate Commons Annotations {5.0.4.Final}
2021-11-09 22:03:54.812  INFO 76291 --- [    Test worker] org.hibernate.dialect.Dialect            : HHH000400: Using dialect: org.hibernate.dialect.MySQL5InnoDBDialect
Hibernate: drop table if exists posts
Hibernate: drop table if exists user
Hibernate: create table posts (id bigint not null auto_increment, created_date datetime, modified_date datetime, author varchar(255), content TEXT not null, title varchar(500) not null, primary key (id)) engine=InnoDB
Hibernate: create table user (id bigint not null auto_increment, created_date datetime, modified_date datetime, email varchar(255) not null, name varchar(255) not null, picture varchar(255), role varchar(255) not null, primary key (id)) engine=InnoDB
2021-11-09 22:03:55.577  INFO 76291 --- [    Test worker] o.h.t.schema.internal.SchemaCreatorImpl  : HHH000476: Executing import script 'org.hibernate.tool.schema.internal.exec.ScriptSourceInputNonExistentImpl@131bddcb'
2021-11-09 22:03:55.581  INFO 76291 --- [    Test worker] j.LocalContainerEntityManagerFactoryBean : Initialized JPA EntityManagerFactory for persistence unit 'default'
2021-11-09 22:03:56.381  INFO 76291 --- [    Test worker] o.h.h.i.QueryTranslatorFactoryInitiator  : HHH000397: Using ASTQueryTranslatorFactory
2021-11-09 22:03:56.829  INFO 76291 --- [    Test worker] o.s.s.web.DefaultSecurityFilterChain     : Creating filter chain: any request, [org.springframework.security.web.context.request.async.WebAsyncManagerIntegrationFilter@4dc1d803, org.springframework.security.web.context.SecurityContextPersistenceFilter@482ed42e, org.springframework.security.web.header.HeaderWriterFilter@74bbe82f, org.springframework.security.web.authentication.logout.LogoutFilter@3e7f3657, org.springframework.security.oauth2.client.web.OAuth2AuthorizationRequestRedirectFilter@e6ab254, org.springframework.security.oauth2.client.web.OAuth2LoginAuthenticationFilter@216c54d9, org.springframework.security.web.authentication.ui.DefaultLoginPageGeneratingFilter@4a86fd33, org.springframework.security.web.authentication.ui.DefaultLogoutPageGeneratingFilter@7331846b, org.springframework.security.web.savedrequest.RequestCacheAwareFilter@495b50c2, org.springframework.security.web.servletapi.SecurityContextHolderAwareRequestFilter@3f90d6ad, org.springframework.security.web.authentication.AnonymousAuthenticationFilter@2f11a190, org.springframework.security.web.session.SessionManagementFilter@5a9d6de2, org.springframework.security.web.access.ExceptionTranslationFilter@2c03d661, org.springframework.security.web.access.intercept.FilterSecurityInterceptor@4c5b0543]
2021-11-09 22:03:57.155  INFO 76291 --- [    Test worker] o.s.s.concurrent.ThreadPoolTaskExecutor  : Initializing ExecutorService 'applicationTaskExecutor'
2021-11-09 22:03:57.211  WARN 76291 --- [    Test worker] aWebConfiguration$JpaWebMvcConfiguration : spring.jpa.open-in-view is enabled by default. Therefore, database queries may be performed during view rendering. Explicitly configure spring.jpa.open-in-view to disable this warning
2021-11-09 22:03:57.276  INFO 76291 --- [    Test worker] o.s.b.a.w.s.WelcomePageHandlerMapping    : Adding welcome page template: index
2021-11-09 22:03:57.657  INFO 76291 --- [    Test worker] s.a.ScheduledAnnotationBeanPostProcessor : No TaskScheduler/ScheduledExecutorService bean found for scheduled processing
2021-11-09 22:03:57.684  INFO 76291 --- [    Test worker] o.s.b.w.embedded.tomcat.TomcatWebServer  : Tomcat started on port(s): 53152 (http) with context path ''
2021-11-09 22:03:57.686  INFO 76291 --- [    Test worker] c.i.b.s.web.IndexControllerTest          : Started IndexControllerTest in 21.014 seconds (JVM running for 83.594)
2021-11-09 22:03:57.849  INFO 76291 --- [o-auto-1-exec-1] o.a.c.c.C.[Tomcat].[localhost].[/]       : Initializing Spring DispatcherServlet 'dispatcherServlet'
2021-11-09 22:03:57.849  INFO 76291 --- [o-auto-1-exec-1] o.s.web.servlet.DispatcherServlet        : Initializing Servlet 'dispatcherServlet'
2021-11-09 22:03:57.877  INFO 76291 --- [o-auto-1-exec-1] o.s.web.servlet.DispatcherServlet        : Completed initialization in 28 ms
Hibernate: select posts0_.id as id1_0_, posts0_.created_date as created_2_0_, posts0_.modified_date as modified3_0_, posts0_.author as author4_0_, posts0_.content as content5_0_, posts0_.title as title6_0_ from posts posts0_ order by posts0_.id desc
]]></system-out>
  <system-err><![CDATA[]]></system-err>
</testsuite>
